2018-09-26 10:32:38 上午 [Thread: main][ Class:com.auto.utils.LogUtil >> Method: com.auto.utils.LogUtil.info(LogUtil.java:30) ]
INFO:TestAction-master:Test Start
2018-09-26 10:32:38 上午 [Thread: main][ Class:com.auto.utils.LogUtil >> Method: com.auto.utils.LogUtil.error(LogUtil.java:38) ]
ERROR:click:Test Skipped
2018-09-26 10:32:38 上午 [Thread: main][ Class:com.auto.utils.LogUtil >> Method: com.auto.utils.LogUtil.info(LogUtil.java:30) ]
INFO:TestAction-master:Test Finish
2018-09-26 10:35:57 上午 [Thread: main][ Class:com.auto.utils.LogUtil >> Method: com.auto.utils.LogUtil.info(LogUtil.java:30) ]
INFO:Banner:Test Start
2018-09-26 10:35:57 上午 [Thread: main][ Class:com.auto.utils.LogUtil >> Method: com.auto.utils.LogUtil.info(LogUtil.java:30) ]
INFO:Banner:Test Start
2018-09-26 10:36:01 上午 [Thread: main][ Class:com.auto.utils.LogUtil >> Method: com.auto.utils.LogUtil.error(LogUtil.java:38) ]
ERROR:click:Test Skipped
2018-09-26 10:36:01 上午 [Thread: main][ Class:com.auto.utils.LogUtil >> Method: com.auto.utils.LogUtil.error(LogUtil.java:38) ]
ERROR:click:Test Skipped
2018-09-26 10:36:01 上午 [Thread: main][ Class:com.auto.utils.LogUtil >> Method: com.auto.utils.LogUtil.info(LogUtil.java:30) ]
INFO:Banner:Test Finish
2018-09-26 10:36:01 上午 [Thread: main][ Class:com.auto.utils.LogUtil >> Method: com.auto.utils.LogUtil.info(LogUtil.java:30) ]
INFO:Banner:Test Finish
2018-09-26 10:36:01 上午 [Thread: main][ Class:com.auto.utils.LogUtil >> Method: com.auto.utils.LogUtil.info(LogUtil.java:30) ]
INFO:Login:Test Start
2018-09-26 10:36:01 上午 [Thread: main][ Class:com.auto.utils.LogUtil >> Method: com.auto.utils.LogUtil.info(LogUtil.java:30) ]
INFO:Login:Test Start
2018-09-26 10:36:22 上午 [Thread: main][ Class:com.auto.utils.LogUtil >> Method: com.auto.utils.LogUtil.error(LogUtil.java:38) ]
ERROR:login02:Test Skipped
2018-09-26 10:36:22 上午 [Thread: main][ Class:com.auto.utils.LogUtil >> Method: com.auto.utils.LogUtil.error(LogUtil.java:38) ]
ERROR:login02:Test Skipped
2018-09-26 10:36:22 上午 [Thread: main][ Class:com.auto.utils.LogUtil >> Method: com.auto.utils.LogUtil.error(LogUtil.java:38) ]
ERROR:login02:Test Skipped
2018-09-26 10:36:22 上午 [Thread: main][ Class:com.auto.utils.LogUtil >> Method: com.auto.utils.LogUtil.error(LogUtil.java:38) ]
ERROR:login02:Test Skipped
2018-09-26 10:36:22 上午 [Thread: main][ Class:com.auto.utils.LogUtil >> Method: com.auto.utils.LogUtil.error(LogUtil.java:38) ]
ERROR:login02:Test Skipped
2018-09-26 10:36:22 上午 [Thread: main][ Class:com.auto.utils.LogUtil >> Method: com.auto.utils.LogUtil.error(LogUtil.java:38) ]
ERROR:login02:Test Skipped
2018-09-26 10:36:22 上午 [Thread: main][ Class:com.auto.utils.LogUtil >> Method: com.auto.utils.LogUtil.error(LogUtil.java:38) ]
ERROR:login:Test Skipped
2018-09-26 10:36:22 上午 [Thread: main][ Class:com.auto.utils.LogUtil >> Method: com.auto.utils.LogUtil.error(LogUtil.java:38) ]
ERROR:login:Test Skipped
2018-09-26 10:36:22 上午 [Thread: main][ Class:com.auto.utils.LogUtil >> Method: com.auto.utils.LogUtil.info(LogUtil.java:30) ]
INFO:Login:Test Finish
2018-09-26 10:36:22 上午 [Thread: main][ Class:com.auto.utils.LogUtil >> Method: com.auto.utils.LogUtil.info(LogUtil.java:30) ]
INFO:Login:Test Finish
2018-09-26 10:42:21 上午 [Thread: main][ Class:com.auto.utils.LogUtil >> Method: com.auto.utils.LogUtil.info(LogUtil.java:30) ]
INFO:Banner:Test Start
2018-09-26 10:42:21 上午 [Thread: main][ Class:com.auto.utils.LogUtil >> Method: com.auto.utils.LogUtil.info(LogUtil.java:30) ]
INFO:Banner:Test Start
2018-09-26 10:43:09 上午 [Thread: main][ Class:com.auto.utils.LogUtil >> Method: com.auto.utils.LogUtil.error(LogUtil.java:38) ]
ERROR:click:Test Skipped
2018-09-26 10:43:09 上午 [Thread: main][ Class:com.auto.utils.LogUtil >> Method: com.auto.utils.LogUtil.error(LogUtil.java:38) ]
ERROR:click:Test Skipped
2018-09-26 10:43:09 上午 [Thread: main][ Class:com.auto.utils.LogUtil >> Method: com.auto.utils.LogUtil.info(LogUtil.java:30) ]
INFO:Banner:Test Finish
2018-09-26 10:43:09 上午 [Thread: main][ Class:com.auto.utils.LogUtil >> Method: com.auto.utils.LogUtil.info(LogUtil.java:30) ]
INFO:Banner:Test Finish
2018-09-26 10:43:09 上午 [Thread: main][ Class:com.auto.utils.LogUtil >> Method: com.auto.utils.LogUtil.info(LogUtil.java:30) ]
INFO:Login:Test Start
2018-09-26 10:43:09 上午 [Thread: main][ Class:com.auto.utils.LogUtil >> Method: com.auto.utils.LogUtil.info(LogUtil.java:30) ]
INFO:Login:Test Start
2018-09-26 10:43:29 上午 [Thread: main][ Class:com.auto.utils.LogUtil >> Method: com.auto.utils.LogUtil.error(LogUtil.java:38) ]
ERROR:login02:Test Skipped
2018-09-26 10:43:29 上午 [Thread: main][ Class:com.auto.utils.LogUtil >> Method: com.auto.utils.LogUtil.error(LogUtil.java:38) ]
ERROR:login02:Test Skipped
2018-09-26 10:43:29 上午 [Thread: main][ Class:com.auto.utils.LogUtil >> Method: com.auto.utils.LogUtil.error(LogUtil.java:38) ]
ERROR:login02:Test Skipped
2018-09-26 10:43:29 上午 [Thread: main][ Class:com.auto.utils.LogUtil >> Method: com.auto.utils.LogUtil.error(LogUtil.java:38) ]
ERROR:login02:Test Skipped
2018-09-26 10:43:29 上午 [Thread: main][ Class:com.auto.utils.LogUtil >> Method: com.auto.utils.LogUtil.error(LogUtil.java:38) ]
ERROR:login02:Test Skipped
2018-09-26 10:43:29 上午 [Thread: main][ Class:com.auto.utils.LogUtil >> Method: com.auto.utils.LogUtil.error(LogUtil.java:38) ]
ERROR:login02:Test Skipped
2018-09-26 10:43:29 上午 [Thread: main][ Class:com.auto.utils.LogUtil >> Method: com.auto.utils.LogUtil.error(LogUtil.java:38) ]
ERROR:login:Test Skipped
2018-09-26 10:43:29 上午 [Thread: main][ Class:com.auto.utils.LogUtil >> Method: com.auto.utils.LogUtil.error(LogUtil.java:38) ]
ERROR:login:Test Skipped
2018-09-26 10:43:29 上午 [Thread: main][ Class:com.auto.utils.LogUtil >> Method: com.auto.utils.LogUtil.info(LogUtil.java:30) ]
INFO:Login:Test Finish
2018-09-26 10:43:29 上午 [Thread: main][ Class:com.auto.utils.LogUtil >> Method: com.auto.utils.LogUtil.info(LogUtil.java:30) ]
INFO:Login:Test Finish
2018-09-26 10:51:14 上午 [Thread: main][ Class:com.auto.utils.LogUtil >> Method: com.auto.utils.LogUtil.info(LogUtil.java:30) ]
INFO:Banner:Test Start
2018-09-26 10:51:14 上午 [Thread: main][ Class:com.auto.utils.LogUtil >> Method: com.auto.utils.LogUtil.info(LogUtil.java:30) ]
INFO:Banner:Test Start
2018-09-26 10:52:01 上午 [Thread: main][ Class:com.auto.utils.LogUtil >> Method: com.auto.utils.LogUtil.error(LogUtil.java:38) ]
ERROR:click:Test Skipped
2018-09-26 10:52:01 上午 [Thread: main][ Class:com.auto.utils.LogUtil >> Method: com.auto.utils.LogUtil.error(LogUtil.java:38) ]
ERROR:click:Test Skipped
2018-09-26 10:52:01 上午 [Thread: main][ Class:com.auto.utils.LogUtil >> Method: com.auto.utils.LogUtil.info(LogUtil.java:30) ]
INFO:Banner:Test Finish
2018-09-26 10:52:01 上午 [Thread: main][ Class:com.auto.utils.LogUtil >> Method: com.auto.utils.LogUtil.info(LogUtil.java:30) ]
INFO:Banner:Test Finish
2018-09-26 10:52:01 上午 [Thread: main][ Class:com.auto.utils.LogUtil >> Method: com.auto.utils.LogUtil.info(LogUtil.java:30) ]
INFO:Login:Test Start
2018-09-26 10:52:01 上午 [Thread: main][ Class:com.auto.utils.LogUtil >> Method: com.auto.utils.LogUtil.info(LogUtil.java:30) ]
INFO:Login:Test Start
2018-09-26 10:52:22 上午 [Thread: main][ Class:com.auto.utils.LogUtil >> Method: com.auto.utils.LogUtil.error(LogUtil.java:38) ]
ERROR:login02:Test Skipped
2018-09-26 10:52:22 上午 [Thread: main][ Class:com.auto.utils.LogUtil >> Method: com.auto.utils.LogUtil.error(LogUtil.java:38) ]
ERROR:login02:Test Skipped
2018-09-26 10:52:22 上午 [Thread: main][ Class:com.auto.utils.LogUtil >> Method: com.auto.utils.LogUtil.error(LogUtil.java:38) ]
ERROR:login02:Test Skipped
2018-09-26 10:52:22 上午 [Thread: main][ Class:com.auto.utils.LogUtil >> Method: com.auto.utils.LogUtil.error(LogUtil.java:38) ]
ERROR:login02:Test Skipped
2018-09-26 10:52:22 上午 [Thread: main][ Class:com.auto.utils.LogUtil >> Method: com.auto.utils.LogUtil.error(LogUtil.java:38) ]
ERROR:login02:Test Skipped
2018-09-26 10:52:22 上午 [Thread: main][ Class:com.auto.utils.LogUtil >> Method: com.auto.utils.LogUtil.error(LogUtil.java:38) ]
ERROR:login02:Test Skipped
2018-09-26 10:52:22 上午 [Thread: main][ Class:com.auto.utils.LogUtil >> Method: com.auto.utils.LogUtil.error(LogUtil.java:38) ]
ERROR:login:Test Skipped
2018-09-26 10:52:22 上午 [Thread: main][ Class:com.auto.utils.LogUtil >> Method: com.auto.utils.LogUtil.error(LogUtil.java:38) ]
ERROR:login:Test Skipped
2018-09-26 10:52:22 上午 [Thread: main][ Class:com.auto.utils.LogUtil >> Method: com.auto.utils.LogUtil.info(LogUtil.java:30) ]
INFO:Login:Test Finish
2018-09-26 10:52:22 上午 [Thread: main][ Class:com.auto.utils.LogUtil >> Method: com.auto.utils.LogUtil.info(LogUtil.java:30) ]
INFO:Login:Test Finish
2018-09-26 11:02:07 上午 [Thread: main][ Class:com.auto.utils.LogUtil >> Method: com.auto.utils.LogUtil.info(LogUtil.java:30) ]
INFO:Banner:Test Start
2018-09-26 11:02:07 上午 [Thread: main][ Class:com.auto.utils.LogUtil >> Method: com.auto.utils.LogUtil.info(LogUtil.java:30) ]
INFO:Banner:Test Start
2018-09-26 11:02:55 上午 [Thread: main][ Class:com.auto.utils.LogUtil >> Method: com.auto.utils.LogUtil.error(LogUtil.java:38) ]
ERROR:click:Test Skipped
2018-09-26 11:02:55 上午 [Thread: main][ Class:com.auto.utils.LogUtil >> Method: com.auto.utils.LogUtil.error(LogUtil.java:38) ]
ERROR:click:Test Skipped
2018-09-26 11:02:55 上午 [Thread: main][ Class:com.auto.utils.LogUtil >> Method: com.auto.utils.LogUtil.info(LogUtil.java:30) ]
INFO:Banner:Test Finish
2018-09-26 11:02:55 上午 [Thread: main][ Class:com.auto.utils.LogUtil >> Method: com.auto.utils.LogUtil.info(LogUtil.java:30) ]
INFO:Banner:Test Finish
2018-09-26 11:02:55 上午 [Thread: main][ Class:com.auto.utils.LogUtil >> Method: com.auto.utils.LogUtil.info(LogUtil.java:30) ]
INFO:Login:Test Start
2018-09-26 11:02:55 上午 [Thread: main][ Class:com.auto.utils.LogUtil >> Method: com.auto.utils.LogUtil.info(LogUtil.java:30) ]
INFO:Login:Test Start
2018-09-26 11:03:15 上午 [Thread: main][ Class:com.auto.utils.LogUtil >> Method: com.auto.utils.LogUtil.error(LogUtil.java:38) ]
ERROR:login02:Test Skipped
2018-09-26 11:03:15 上午 [Thread: main][ Class:com.auto.utils.LogUtil >> Method: com.auto.utils.LogUtil.error(LogUtil.java:38) ]
ERROR:login02:Test Skipped
2018-09-26 11:03:15 上午 [Thread: main][ Class:com.auto.utils.LogUtil >> Method: com.auto.utils.LogUtil.error(LogUtil.java:38) ]
ERROR:login02:Test Skipped
2018-09-26 11:03:15 上午 [Thread: main][ Class:com.auto.utils.LogUtil >> Method: com.auto.utils.LogUtil.error(LogUtil.java:38) ]
ERROR:login02:Test Skipped
2018-09-26 11:03:15 上午 [Thread: main][ Class:com.auto.utils.LogUtil >> Method: com.auto.utils.LogUtil.error(LogUtil.java:38) ]
ERROR:login02:Test Skipped
2018-09-26 11:03:15 上午 [Thread: main][ Class:com.auto.utils.LogUtil >> Method: com.auto.utils.LogUtil.error(LogUtil.java:38) ]
ERROR:login02:Test Skipped
2018-09-26 11:03:15 上午 [Thread: main][ Class:com.auto.utils.LogUtil >> Method: com.auto.utils.LogUtil.error(LogUtil.java:38) ]
ERROR:login:Test Skipped
2018-09-26 11:03:15 上午 [Thread: main][ Class:com.auto.utils.LogUtil >> Method: com.auto.utils.LogUtil.error(LogUtil.java:38) ]
ERROR:login:Test Skipped
2018-09-26 11:03:15 上午 [Thread: main][ Class:com.auto.utils.LogUtil >> Method: com.auto.utils.LogUtil.info(LogUtil.java:30) ]
INFO:Login:Test Finish
2018-09-26 11:03:15 上午 [Thread: main][ Class:com.auto.utils.LogUtil >> Method: com.auto.utils.LogUtil.info(LogUtil.java:30) ]
INFO:Login:Test Finish
2018-09-26 11:08:26 上午 [Thread: main][ Class:com.auto.utils.LogUtil >> Method: com.auto.utils.LogUtil.info(LogUtil.java:30) ]
INFO:TestAction-master:Test Start
2018-09-26 11:08:26 上午 [Thread: main][ Class:com.auto.utils.LogUtil >> Method: com.auto.utils.LogUtil.error(LogUtil.java:38) ]
ERROR:click:Test Skipped
2018-09-26 11:08:26 上午 [Thread: main][ Class:com.auto.utils.LogUtil >> Method: com.auto.utils.LogUtil.info(LogUtil.java:30) ]
INFO:TestAction-master:Test Finish
2018-09-26 11:09:03 上午 [Thread: main][ Class:com.auto.utils.LogUtil >> Method: com.auto.utils.LogUtil.info(LogUtil.java:30) ]
INFO:Banner:Test Start
2018-09-26 11:09:03 上午 [Thread: main][ Class:com.auto.utils.LogUtil >> Method: com.auto.utils.LogUtil.info(LogUtil.java:30) ]
INFO:Banner:Test Start
2018-09-26 11:09:50 上午 [Thread: main][ Class:com.auto.utils.LogUtil >> Method: com.auto.utils.LogUtil.error(LogUtil.java:38) ]
ERROR:click:Test Skipped
2018-09-26 11:09:50 上午 [Thread: main][ Class:com.auto.utils.LogUtil >> Method: com.auto.utils.LogUtil.error(LogUtil.java:38) ]
ERROR:click:Test Skipped
2018-09-26 11:09:50 上午 [Thread: main][ Class:com.auto.utils.LogUtil >> Method: com.auto.utils.LogUtil.info(LogUtil.java:30) ]
INFO:Banner:Test Finish
2018-09-26 11:09:50 上午 [Thread: main][ Class:com.auto.utils.LogUtil >> Method: com.auto.utils.LogUtil.info(LogUtil.java:30) ]
INFO:Banner:Test Finish
2018-09-26 11:09:50 上午 [Thread: main][ Class:com.auto.utils.LogUtil >> Method: com.auto.utils.LogUtil.info(LogUtil.java:30) ]
INFO:Login:Test Start
2018-09-26 11:09:50 上午 [Thread: main][ Class:com.auto.utils.LogUtil >> Method: com.auto.utils.LogUtil.info(LogUtil.java:30) ]
INFO:Login:Test Start
2018-09-26 11:10:11 上午 [Thread: main][ Class:com.auto.utils.LogUtil >> Method: com.auto.utils.LogUtil.error(LogUtil.java:38) ]
ERROR:login02:Test Skipped
2018-09-26 11:10:11 上午 [Thread: main][ Class:com.auto.utils.LogUtil >> Method: com.auto.utils.LogUtil.error(LogUtil.java:38) ]
ERROR:login02:Test Skipped
2018-09-26 11:10:11 上午 [Thread: main][ Class:com.auto.utils.LogUtil >> Method: com.auto.utils.LogUtil.error(LogUtil.java:38) ]
ERROR:login02:Test Skipped
2018-09-26 11:10:11 上午 [Thread: main][ Class:com.auto.utils.LogUtil >> Method: com.auto.utils.LogUtil.error(LogUtil.java:38) ]
ERROR:login02:Test Skipped
2018-09-26 11:10:11 上午 [Thread: main][ Class:com.auto.utils.LogUtil >> Method: com.auto.utils.LogUtil.error(LogUtil.java:38) ]
ERROR:login02:Test Skipped
2018-09-26 11:10:11 上午 [Thread: main][ Class:com.auto.utils.LogUtil >> Method: com.auto.utils.LogUtil.error(LogUtil.java:38) ]
ERROR:login02:Test Skipped
2018-09-26 11:10:11 上午 [Thread: main][ Class:com.auto.utils.LogUtil >> Method: com.auto.utils.LogUtil.error(LogUtil.java:38) ]
ERROR:login:Test Skipped
2018-09-26 11:10:11 上午 [Thread: main][ Class:com.auto.utils.LogUtil >> Method: com.auto.utils.LogUtil.error(LogUtil.java:38) ]
ERROR:login:Test Skipped
2018-09-26 11:10:11 上午 [Thread: main][ Class:com.auto.utils.LogUtil >> Method: com.auto.utils.LogUtil.info(LogUtil.java:30) ]
INFO:Login:Test Finish
2018-09-26 11:10:11 上午 [Thread: main][ Class:com.auto.utils.LogUtil >> Method: com.auto.utils.LogUtil.info(LogUtil.java:30) ]
INFO:Login:Test Finish
2018-09-26 11:11:01 上午 [Thread: main][ Class:com.auto.utils.LogUtil >> Method: com.auto.utils.LogUtil.info(LogUtil.java:30) ]
INFO:Banner:Test Start
2018-09-26 11:11:01 上午 [Thread: main][ Class:com.auto.utils.LogUtil >> Method: com.auto.utils.LogUtil.info(LogUtil.java:30) ]
INFO:Banner:Test Start
2018-09-26 11:11:48 上午 [Thread: main][ Class:com.auto.utils.LogUtil >> Method: com.auto.utils.LogUtil.error(LogUtil.java:38) ]
ERROR:click:Test Skipped
2018-09-26 11:11:48 上午 [Thread: main][ Class:com.auto.utils.LogUtil >> Method: com.auto.utils.LogUtil.error(LogUtil.java:38) ]
ERROR:click:Test Skipped
2018-09-26 11:11:48 上午 [Thread: main][ Class:com.auto.utils.LogUtil >> Method: com.auto.utils.LogUtil.info(LogUtil.java:30) ]
INFO:Banner:Test Finish
2018-09-26 11:11:48 上午 [Thread: main][ Class:com.auto.utils.LogUtil >> Method: com.auto.utils.LogUtil.info(LogUtil.java:30) ]
INFO:Banner:Test Finish
2018-09-26 11:11:49 上午 [Thread: main][ Class:com.auto.utils.LogUtil >> Method: com.auto.utils.LogUtil.info(LogUtil.java:30) ]
INFO:Login:Test Start
2018-09-26 11:11:49 上午 [Thread: main][ Class:com.auto.utils.LogUtil >> Method: com.auto.utils.LogUtil.info(LogUtil.java:30) ]
INFO:Login:Test Start
2018-09-26 11:12:34 上午 [Thread: main][ Class:com.auto.utils.LogUtil >> Method: com.auto.utils.LogUtil.error(LogUtil.java:38) ]
ERROR:login02:Test Skipped
2018-09-26 11:12:34 上午 [Thread: main][ Class:com.auto.utils.LogUtil >> Method: com.auto.utils.LogUtil.error(LogUtil.java:38) ]
ERROR:login02:Test Skipped
2018-09-26 11:12:34 上午 [Thread: main][ Class:com.auto.utils.LogUtil >> Method: com.auto.utils.LogUtil.error(LogUtil.java:38) ]
ERROR:login02:Test Skipped
2018-09-26 11:12:34 上午 [Thread: main][ Class:com.auto.utils.LogUtil >> Method: com.auto.utils.LogUtil.error(LogUtil.java:38) ]
ERROR:login02:Test Skipped
2018-09-26 11:12:34 上午 [Thread: main][ Class:com.auto.utils.LogUtil >> Method: com.auto.utils.LogUtil.error(LogUtil.java:38) ]
ERROR:login02:Test Skipped
2018-09-26 11:12:34 上午 [Thread: main][ Class:com.auto.utils.LogUtil >> Method: com.auto.utils.LogUtil.error(LogUtil.java:38) ]
ERROR:login02:Test Skipped
2018-09-26 11:12:34 上午 [Thread: main][ Class:com.auto.utils.LogUtil >> Method: com.auto.utils.LogUtil.error(LogUtil.java:38) ]
ERROR:login:Test Skipped
2018-09-26 11:12:34 上午 [Thread: main][ Class:com.auto.utils.LogUtil >> Method: com.auto.utils.LogUtil.error(LogUtil.java:38) ]
ERROR:login:Test Skipped
2018-09-26 11:12:34 上午 [Thread: main][ Class:com.auto.utils.LogUtil >> Method: com.auto.utils.LogUtil.info(LogUtil.java:30) ]
INFO:Login:Test Finish
2018-09-26 11:12:34 上午 [Thread: main][ Class:com.auto.utils.LogUtil >> Method: com.auto.utils.LogUtil.info(LogUtil.java:30) ]
INFO:Login:Test Finish
2018-09-26 11:15:30 上午 [Thread: main][ Class:com.auto.utils.LogUtil >> Method: com.auto.utils.LogUtil.info(LogUtil.java:30) ]
INFO:Banner:Test Start
2018-09-26 11:15:30 上午 [Thread: main][ Class:com.auto.utils.LogUtil >> Method: com.auto.utils.LogUtil.info(LogUtil.java:30) ]
INFO:Banner:Test Start
2018-09-26 11:15:51 上午 [Thread: main][ Class:com.auto.utils.LogUtil >> Method: com.auto.utils.LogUtil.error(LogUtil.java:38) ]
ERROR:click:Test Skipped
2018-09-26 11:15:51 上午 [Thread: main][ Class:com.auto.utils.LogUtil >> Method: com.auto.utils.LogUtil.error(LogUtil.java:38) ]
ERROR:click:Test Skipped
2018-09-26 11:15:51 上午 [Thread: main][ Class:com.auto.utils.LogUtil >> Method: com.auto.utils.LogUtil.info(LogUtil.java:30) ]
INFO:Banner:Test Finish
2018-09-26 11:15:51 上午 [Thread: main][ Class:com.auto.utils.LogUtil >> Method: com.auto.utils.LogUtil.info(LogUtil.java:30) ]
INFO:Banner:Test Finish
2018-09-26 11:15:51 上午 [Thread: main][ Class:com.auto.utils.LogUtil >> Method: com.auto.utils.LogUtil.info(LogUtil.java:30) ]
INFO:Login:Test Start
2018-09-26 11:15:51 上午 [Thread: main][ Class:com.auto.utils.LogUtil >> Method: com.auto.utils.LogUtil.info(LogUtil.java:30) ]
INFO:Login:Test Start
2018-09-26 11:16:11 上午 [Thread: main][ Class:com.auto.utils.LogUtil >> Method: com.auto.utils.LogUtil.error(LogUtil.java:38) ]
ERROR:login02:Test Skipped
2018-09-26 11:16:11 上午 [Thread: main][ Class:com.auto.utils.LogUtil >> Method: com.auto.utils.LogUtil.error(LogUtil.java:38) ]
ERROR:login02:Test Skipped
2018-09-26 11:16:11 上午 [Thread: main][ Class:com.auto.utils.LogUtil >> Method: com.auto.utils.LogUtil.error(LogUtil.java:38) ]
ERROR:login02:Test Skipped
2018-09-26 11:16:11 上午 [Thread: main][ Class:com.auto.utils.LogUtil >> Method: com.auto.utils.LogUtil.error(LogUtil.java:38) ]
ERROR:login02:Test Skipped
2018-09-26 11:16:11 上午 [Thread: main][ Class:com.auto.utils.LogUtil >> Method: com.auto.utils.LogUtil.error(LogUtil.java:38) ]
ERROR:login02:Test Skipped
2018-09-26 11:16:11 上午 [Thread: main][ Class:com.auto.utils.LogUtil >> Method: com.auto.utils.LogUtil.error(LogUtil.java:38) ]
ERROR:login02:Test Skipped
2018-09-26 11:16:11 上午 [Thread: main][ Class:com.auto.utils.LogUtil >> Method: com.auto.utils.LogUtil.error(LogUtil.java:38) ]
ERROR:login:Test Skipped
2018-09-26 11:16:11 上午 [Thread: main][ Class:com.auto.utils.LogUtil >> Method: com.auto.utils.LogUtil.error(LogUtil.java:38) ]
ERROR:login:Test Skipped
2018-09-26 11:16:11 上午 [Thread: main][ Class:com.auto.utils.LogUtil >> Method: com.auto.utils.LogUtil.info(LogUtil.java:30) ]
INFO:Login:Test Finish
2018-09-26 11:16:11 上午 [Thread: main][ Class:com.auto.utils.LogUtil >> Method: com.auto.utils.LogUtil.info(LogUtil.java:30) ]
INFO:Login:Test Finish
2018-09-26 11:28:13 上午 [Thread: main][ Class:com.auto.utils.LogUtil >> Method: com.auto.utils.LogUtil.info(LogUtil.java:30) ]
INFO:Banner:Test Start
2018-09-26 11:28:13 上午 [Thread: main][ Class:com.auto.utils.LogUtil >> Method: com.auto.utils.LogUtil.info(LogUtil.java:30) ]
INFO:Banner:Test Start
2018-09-26 11:29:43 上午 [Thread: main][ Class:com.auto.utils.LogUtil >> Method: com.auto.utils.LogUtil.info(LogUtil.java:30) ]
INFO:Banner:Test Start
2018-09-26 11:29:43 上午 [Thread: main][ Class:com.auto.utils.LogUtil >> Method: com.auto.utils.LogUtil.info(LogUtil.java:30) ]
INFO:Banner:Test Start
2018-09-26 11:30:39 上午 [Thread: main][ Class:com.auto.utils.LogUtil >> Method: com.auto.utils.LogUtil.info(LogUtil.java:30) ]
INFO:Banner:Test Start
2018-09-26 11:30:39 上午 [Thread: main][ Class:com.auto.utils.LogUtil >> Method: com.auto.utils.LogUtil.info(LogUtil.java:30) ]
INFO:Banner:Test Start
2018-09-26 11:36:06 上午 [Thread: main][ Class:com.auto.utils.LogUtil >> Method: com.auto.utils.LogUtil.error(LogUtil.java:38) ]
ERROR:click:Test Skipped
2018-09-26 11:36:06 上午 [Thread: main][ Class:com.auto.utils.LogUtil >> Method: com.auto.utils.LogUtil.error(LogUtil.java:38) ]
ERROR:click:Test Skipped
2018-09-26 11:36:06 上午 [Thread: main][ Class:com.auto.utils.LogUtil >> Method: com.auto.utils.LogUtil.info(LogUtil.java:30) ]
INFO:Banner:Test Finish
2018-09-26 11:36:06 上午 [Thread: main][ Class:com.auto.utils.LogUtil >> Method: com.auto.utils.LogUtil.info(LogUtil.java:30) ]
INFO:Banner:Test Finish
2018-09-26 11:36:06 上午 [Thread: main][ Class:com.auto.utils.LogUtil >> Method: com.auto.utils.LogUtil.info(LogUtil.java:30) ]
INFO:Login:Test Start
2018-09-26 11:36:06 上午 [Thread: main][ Class:com.auto.utils.LogUtil >> Method: com.auto.utils.LogUtil.info(LogUtil.java:30) ]
INFO:Login:Test Start
2018-09-26 11:36:25 上午 [Thread: main][ Class:com.auto.utils.LogUtil >> Method: com.auto.utils.LogUtil.info(LogUtil.java:30) ]
INFO:Banner:Test Start
2018-09-26 11:36:25 上午 [Thread: main][ Class:com.auto.utils.LogUtil >> Method: com.auto.utils.LogUtil.info(LogUtil.java:30) ]
INFO:Banner:Test Start
2018-09-26 11:37:48 上午 [Thread: main][ Class:com.auto.utils.LogUtil >> Method: com.auto.utils.LogUtil.info(LogUtil.java:30) ]
INFO:Banner:Test Start
2018-09-26 11:37:48 上午 [Thread: main][ Class:com.auto.utils.LogUtil >> Method: com.auto.utils.LogUtil.info(LogUtil.java:30) ]
INFO:Banner:Test Start
2018-09-26 11:42:37 上午 [Thread: main][ Class:com.auto.utils.LogUtil >> Method: com.auto.utils.LogUtil.info(LogUtil.java:30) ]
INFO:Banner:Test Start
2018-09-26 11:42:37 上午 [Thread: main][ Class:com.auto.utils.LogUtil >> Method: com.auto.utils.LogUtil.info(LogUtil.java:30) ]
INFO:Banner:Test Start
2018-09-26 11:43:59 上午 [Thread: main][ Class:com.auto.utils.LogUtil >> Method: com.auto.utils.LogUtil.info(LogUtil.java:30) ]
INFO:Banner:Test Start
2018-09-26 11:43:59 上午 [Thread: main][ Class:com.auto.utils.LogUtil >> Method: com.auto.utils.LogUtil.info(LogUtil.java:30) ]
INFO:Banner:Test Start
2018-09-26 11:45:11 上午 [Thread: main][ Class:com.auto.utils.LogUtil >> Method: com.auto.utils.LogUtil.error(LogUtil.java:38) ]
ERROR:click:Test Skipped
2018-09-26 11:45:11 上午 [Thread: main][ Class:com.auto.utils.LogUtil >> Method: com.auto.utils.LogUtil.error(LogUtil.java:38) ]
ERROR:click:Test Skipped
2018-09-26 11:45:11 上午 [Thread: main][ Class:com.auto.utils.LogUtil >> Method: com.auto.utils.LogUtil.info(LogUtil.java:30) ]
INFO:Banner:Test Finish
2018-09-26 11:45:11 上午 [Thread: main][ Class:com.auto.utils.LogUtil >> Method: com.auto.utils.LogUtil.info(LogUtil.java:30) ]
INFO:Banner:Test Finish
2018-09-26 11:45:11 上午 [Thread: main][ Class:com.auto.utils.LogUtil >> Method: com.auto.utils.LogUtil.info(LogUtil.java:30) ]
INFO:Login:Test Start
2018-09-26 11:45:11 上午 [Thread: main][ Class:com.auto.utils.LogUtil >> Method: com.auto.utils.LogUtil.info(LogUtil.java:30) ]
INFO:Login:Test Start
2018-09-26 11:45:32 上午 [Thread: main][ Class:com.auto.utils.LogUtil >> Method: com.auto.utils.LogUtil.error(LogUtil.java:38) ]
ERROR:login02:Test Skipped
2018-09-26 11:45:32 上午 [Thread: main][ Class:com.auto.utils.LogUtil >> Method: com.auto.utils.LogUtil.error(LogUtil.java:38) ]
ERROR:login02:Test Skipped
2018-09-26 11:45:32 上午 [Thread: main][ Class:com.auto.utils.LogUtil >> Method: com.auto.utils.LogUtil.error(LogUtil.java:38) ]
ERROR:login02:Test Skipped
2018-09-26 11:45:32 上午 [Thread: main][ Class:com.auto.utils.LogUtil >> Method: com.auto.utils.LogUtil.error(LogUtil.java:38) ]
ERROR:login02:Test Skipped
2018-09-26 11:45:32 上午 [Thread: main][ Class:com.auto.utils.LogUtil >> Method: com.auto.utils.LogUtil.error(LogUtil.java:38) ]
ERROR:login02:Test Skipped
2018-09-26 11:45:32 上午 [Thread: main][ Class:com.auto.utils.LogUtil >> Method: com.auto.utils.LogUtil.error(LogUtil.java:38) ]
ERROR:login02:Test Skipped
2018-09-26 11:45:32 上午 [Thread: main][ Class:com.auto.utils.LogUtil >> Method: com.auto.utils.LogUtil.error(LogUtil.java:38) ]
ERROR:login:Test Skipped
2018-09-26 11:45:32 上午 [Thread: main][ Class:com.auto.utils.LogUtil >> Method: com.auto.utils.LogUtil.error(LogUtil.java:38) ]
ERROR:login:Test Skipped
2018-09-26 11:45:32 上午 [Thread: main][ Class:com.auto.utils.LogUtil >> Method: com.auto.utils.LogUtil.info(LogUtil.java:30) ]
INFO:Login:Test Finish
2018-09-26 11:45:32 上午 [Thread: main][ Class:com.auto.utils.LogUtil >> Method: com.auto.utils.LogUtil.info(LogUtil.java:30) ]
INFO:Login:Test Finish
2018-09-26 11:47:05 上午 [Thread: main][ Class:com.auto.utils.LogUtil >> Method: com.auto.utils.LogUtil.info(LogUtil.java:30) ]
INFO:Banner:Test Start
2018-09-26 11:47:05 上午 [Thread: main][ Class:com.auto.utils.LogUtil >> Method: com.auto.utils.LogUtil.info(LogUtil.java:30) ]
INFO:Banner:Test Start
2018-09-26 11:47:27 上午 [Thread: main][ Class:com.auto.utils.LogUtil >> Method: com.auto.utils.LogUtil.error(LogUtil.java:38) ]
ERROR:click:Test Skipped
2018-09-26 11:47:27 上午 [Thread: main][ Class:com.auto.utils.LogUtil >> Method: com.auto.utils.LogUtil.error(LogUtil.java:38) ]
ERROR:click:Test Skipped
2018-09-26 11:47:27 上午 [Thread: main][ Class:com.auto.utils.LogUtil >> Method: com.auto.utils.LogUtil.info(LogUtil.java:30) ]
INFO:Banner:Test Finish
2018-09-26 11:47:27 上午 [Thread: main][ Class:com.auto.utils.LogUtil >> Method: com.auto.utils.LogUtil.info(LogUtil.java:30) ]
INFO:Banner:Test Finish
2018-09-26 11:47:27 上午 [Thread: main][ Class:com.auto.utils.LogUtil >> Method: com.auto.utils.LogUtil.info(LogUtil.java:30) ]
INFO:Login:Test Start
2018-09-26 11:47:27 上午 [Thread: main][ Class:com.auto.utils.LogUtil >> Method: com.auto.utils.LogUtil.info(LogUtil.java:30) ]
INFO:Login:Test Start
2018-09-26 11:47:48 上午 [Thread: main][ Class:com.auto.utils.LogUtil >> Method: com.auto.utils.LogUtil.error(LogUtil.java:38) ]
ERROR:login02:Test Skipped
2018-09-26 11:47:48 上午 [Thread: main][ Class:com.auto.utils.LogUtil >> Method: com.auto.utils.LogUtil.error(LogUtil.java:38) ]
ERROR:login02:Test Skipped
2018-09-26 11:47:48 上午 [Thread: main][ Class:com.auto.utils.LogUtil >> Method: com.auto.utils.LogUtil.error(LogUtil.java:38) ]
ERROR:login02:Test Skipped
2018-09-26 11:47:48 上午 [Thread: main][ Class:com.auto.utils.LogUtil >> Method: com.auto.utils.LogUtil.error(LogUtil.java:38) ]
ERROR:login02:Test Skipped
2018-09-26 11:47:48 上午 [Thread: main][ Class:com.auto.utils.LogUtil >> Method: com.auto.utils.LogUtil.error(LogUtil.java:38) ]
ERROR:login02:Test Skipped
2018-09-26 11:47:48 上午 [Thread: main][ Class:com.auto.utils.LogUtil >> Method: com.auto.utils.LogUtil.error(LogUtil.java:38) ]
ERROR:login02:Test Skipped
2018-09-26 11:47:48 上午 [Thread: main][ Class:com.auto.utils.LogUtil >> Method: com.auto.utils.LogUtil.error(LogUtil.java:38) ]
ERROR:login:Test Skipped
2018-09-26 11:47:48 上午 [Thread: main][ Class:com.auto.utils.LogUtil >> Method: com.auto.utils.LogUtil.error(LogUtil.java:38) ]
ERROR:login:Test Skipped
2018-09-26 11:47:48 上午 [Thread: main][ Class:com.auto.utils.LogUtil >> Method: com.auto.utils.LogUtil.info(LogUtil.java:30) ]
INFO:Login:Test Finish
2018-09-26 11:47:48 上午 [Thread: main][ Class:com.auto.utils.LogUtil >> Method: com.auto.utils.LogUtil.info(LogUtil.java:30) ]
INFO:Login:Test Finish
2018-09-26 11:48:34 上午 [Thread: main][ Class:com.auto.utils.LogUtil >> Method: com.auto.utils.LogUtil.info(LogUtil.java:30) ]
INFO:Banner:Test Start
2018-09-26 11:48:34 上午 [Thread: main][ Class:com.auto.utils.LogUtil >> Method: com.auto.utils.LogUtil.info(LogUtil.java:30) ]
INFO:Banner:Test Start
2018-09-26 11:49:22 上午 [Thread: main][ Class:com.auto.utils.LogUtil >> Method: com.auto.utils.LogUtil.error(LogUtil.java:38) ]
ERROR:click:Test Skipped
2018-09-26 11:49:22 上午 [Thread: main][ Class:com.auto.utils.LogUtil >> Method: com.auto.utils.LogUtil.error(LogUtil.java:38) ]
ERROR:click:Test Skipped
2018-09-26 11:49:22 上午 [Thread: main][ Class:com.auto.utils.LogUtil >> Method: com.auto.utils.LogUtil.info(LogUtil.java:30) ]
INFO:Banner:Test Finish
2018-09-26 11:49:22 上午 [Thread: main][ Class:com.auto.utils.LogUtil >> Method: com.auto.utils.LogUtil.info(LogUtil.java:30) ]
INFO:Banner:Test Finish
2018-09-26 11:49:22 上午 [Thread: main][ Class:com.auto.utils.LogUtil >> Method: com.auto.utils.LogUtil.info(LogUtil.java:30) ]
INFO:Login:Test Start
2018-09-26 11:49:22 上午 [Thread: main][ Class:com.auto.utils.LogUtil >> Method: com.auto.utils.LogUtil.info(LogUtil.java:30) ]
INFO:Login:Test Start
2018-09-26 12:03:24 下午 [Thread: main][ Class:com.auto.utils.LogUtil >> Method: com.auto.utils.LogUtil.info(LogUtil.java:30) ]
INFO:Banner:Test Start
2018-09-26 12:03:24 下午 [Thread: main][ Class:com.auto.utils.LogUtil >> Method: com.auto.utils.LogUtil.info(LogUtil.java:30) ]
INFO:Banner:Test Start
2018-09-26 12:03:24 下午 [Thread: main][ Class:com.auto.utils.LogUtil >> Method: com.auto.utils.LogUtil.error(LogUtil.java:38) ]
ERROR:click:Test Skipped
2018-09-26 12:03:24 下午 [Thread: main][ Class:com.auto.utils.LogUtil >> Method: com.auto.utils.LogUtil.error(LogUtil.java:38) ]
ERROR:click:Test Skipped
2018-09-26 12:03:24 下午 [Thread: main][ Class:com.auto.utils.LogUtil >> Method: com.auto.utils.LogUtil.info(LogUtil.java:30) ]
INFO:Banner:Test Finish
2018-09-26 12:03:24 下午 [Thread: main][ Class:com.auto.utils.LogUtil >> Method: com.auto.utils.LogUtil.info(LogUtil.java:30) ]
INFO:Banner:Test Finish
2018-09-26 12:03:24 下午 [Thread: main][ Class:com.auto.utils.LogUtil >> Method: com.auto.utils.LogUtil.info(LogUtil.java:30) ]
INFO:Login:Test Start
2018-09-26 12:03:24 下午 [Thread: main][ Class:com.auto.utils.LogUtil >> Method: com.auto.utils.LogUtil.info(LogUtil.java:30) ]
INFO:Login:Test Start
2018-09-26 12:03:24 下午 [Thread: main][ Class:com.auto.utils.LogUtil >> Method: com.auto.utils.LogUtil.error(LogUtil.java:38) ]
ERROR:login02:Test Skipped
2018-09-26 12:03:24 下午 [Thread: main][ Class:com.auto.utils.LogUtil >> Method: com.auto.utils.LogUtil.error(LogUtil.java:38) ]
ERROR:login02:Test Skipped
2018-09-26 12:03:24 下午 [Thread: main][ Class:com.auto.utils.LogUtil >> Method: com.auto.utils.LogUtil.error(LogUtil.java:38) ]
ERROR:login02:Test Skipped
2018-09-26 12:03:24 下午 [Thread: main][ Class:com.auto.utils.LogUtil >> Method: com.auto.utils.LogUtil.error(LogUtil.java:38) ]
ERROR:login02:Test Skipped
2018-09-26 12:03:24 下午 [Thread: main][ Class:com.auto.utils.LogUtil >> Method: com.auto.utils.LogUtil.error(LogUtil.java:38) ]
ERROR:login02:Test Skipped
2018-09-26 12:03:24 下午 [Thread: main][ Class:com.auto.utils.LogUtil >> Method: com.auto.utils.LogUtil.error(LogUtil.java:38) ]
ERROR:login02:Test Skipped
2018-09-26 12:03:24 下午 [Thread: main][ Class:com.auto.utils.LogUtil >> Method: com.auto.utils.LogUtil.error(LogUtil.java:38) ]
ERROR:login:Test Skipped
2018-09-26 12:03:24 下午 [Thread: main][ Class:com.auto.utils.LogUtil >> Method: com.auto.utils.LogUtil.error(LogUtil.java:38) ]
ERROR:login:Test Skipped
2018-09-26 12:03:24 下午 [Thread: main][ Class:com.auto.utils.LogUtil >> Method: com.auto.utils.LogUtil.info(LogUtil.java:30) ]
INFO:Login:Test Finish
2018-09-26 12:03:24 下午 [Thread: main][ Class:com.auto.utils.LogUtil >> Method: com.auto.utils.LogUtil.info(LogUtil.java:30) ]
INFO:Login:Test Finish
2018-09-26 12:04:57 下午 [Thread: main][ Class:com.auto.utils.LogUtil >> Method: com.auto.utils.LogUtil.info(LogUtil.java:30) ]
INFO:Banner:Test Start
2018-09-26 12:04:57 下午 [Thread: main][ Class:com.auto.utils.LogUtil >> Method: com.auto.utils.LogUtil.info(LogUtil.java:30) ]
INFO:Banner:Test Start
2018-09-26 12:16:23 下午 [Thread: main][ Class:com.auto.utils.LogUtil >> Method: com.auto.utils.LogUtil.info(LogUtil.java:30) ]
INFO:Banner:Test Start
2018-09-26 12:16:23 下午 [Thread: main][ Class:com.auto.utils.LogUtil >> Method: com.auto.utils.LogUtil.info(LogUtil.java:30) ]
INFO:Banner:Test Start
2018-09-26 12:17:02 下午 [Thread: main][ Class:com.auto.utils.LogUtil >> Method: com.auto.utils.LogUtil.info(LogUtil.java:30) ]
INFO:/D:/workspaces/java/maven/UiAuto/selenium/TestAction-master/target/test-classes/Banner.xml;resourcesName=Banner
2018-09-26 12:17:02 下午 [Thread: main][ Class:com.auto.utils.LogUtil >> Method: com.auto.utils.LogUtil.error(LogUtil.java:38) ]
ERROR:can't find /D:/workspaces/java/maven/UiAuto/selenium/TestAction-master/target/test-classes/Banner.xml
2018-09-26 12:17:02 下午 [Thread: main][ Class:com.auto.utils.LogUtil >> Method: com.auto.utils.LogUtil.error(LogUtil.java:38) ]
ERROR:click:Test Failure
2018-09-26 12:17:03 下午 [Thread: main][ Class:com.auto.utils.LogUtil >> Method: com.auto.utils.LogUtil.error(LogUtil.java:38) ]
ERROR:click:Test Failure
2018-09-26 12:17:05 下午 [Thread: main][ Class:com.auto.utils.LogUtil >> Method: com.auto.utils.LogUtil.info(LogUtil.java:30) ]
INFO:Banner:Test Finish
2018-09-26 12:17:05 下午 [Thread: main][ Class:com.auto.utils.LogUtil >> Method: com.auto.utils.LogUtil.info(LogUtil.java:30) ]
INFO:Banner:Test Finish
2018-09-26 12:17:05 下午 [Thread: main][ Class:com.auto.utils.LogUtil >> Method: com.auto.utils.LogUtil.info(LogUtil.java:30) ]
INFO:Login:Test Start
2018-09-26 12:17:05 下午 [Thread: main][ Class:com.auto.utils.LogUtil >> Method: com.auto.utils.LogUtil.info(LogUtil.java:30) ]
INFO:Login:Test Start
2018-09-26 12:17:33 下午 [Thread: main][ Class:com.auto.utils.LogUtil >> Method: com.auto.utils.LogUtil.info(LogUtil.java:30) ]
INFO:/D:/workspaces/java/maven/UiAuto/selenium/TestAction-master/target/test-classes/Login.xml;resourcesName=Login;locatorName=Login
2018-09-26 12:17:33 下午 [Thread: main][ Class:com.auto.utils.LogUtil >> Method: com.auto.utils.LogUtil.error(LogUtil.java:38) ]
ERROR:can't find /D:/workspaces/java/maven/UiAuto/selenium/TestAction-master/target/test-classes/Login.xml
2018-09-26 12:17:33 下午 [Thread: main][ Class:com.auto.utils.LogUtil >> Method: com.auto.utils.LogUtil.error(LogUtil.java:38) ]
ERROR:login02:Test Failure
2018-09-26 12:17:34 下午 [Thread: main][ Class:com.auto.utils.LogUtil >> Method: com.auto.utils.LogUtil.error(LogUtil.java:38) ]
ERROR:login02:Test Failure
2018-09-26 12:17:34 下午 [Thread: main][ Class:com.auto.utils.LogUtil >> Method: com.auto.utils.LogUtil.info(LogUtil.java:30) ]
INFO:/D:/workspaces/java/maven/UiAuto/selenium/TestAction-master/target/test-classes/Login.xml;resourcesName=Login;locatorName=Login
2018-09-26 12:17:34 下午 [Thread: main][ Class:com.auto.utils.LogUtil >> Method: com.auto.utils.LogUtil.error(LogUtil.java:38) ]
ERROR:can't find /D:/workspaces/java/maven/UiAuto/selenium/TestAction-master/target/test-classes/Login.xml
2018-09-26 12:17:34 下午 [Thread: main][ Class:com.auto.utils.LogUtil >> Method: com.auto.utils.LogUtil.error(LogUtil.java:38) ]
ERROR:login02:Test Failure
2018-09-26 12:17:35 下午 [Thread: main][ Class:com.auto.utils.LogUtil >> Method: com.auto.utils.LogUtil.error(LogUtil.java:38) ]
ERROR:login02:Test Failure
2018-09-26 12:17:36 下午 [Thread: main][ Class:com.auto.utils.LogUtil >> Method: com.auto.utils.LogUtil.info(LogUtil.java:30) ]
INFO:/D:/workspaces/java/maven/UiAuto/selenium/TestAction-master/target/test-classes/Login.xml;resourcesName=Login;locatorName=Login
2018-09-26 12:17:36 下午 [Thread: main][ Class:com.auto.utils.LogUtil >> Method: com.auto.utils.LogUtil.error(LogUtil.java:38) ]
ERROR:can't find /D:/workspaces/java/maven/UiAuto/selenium/TestAction-master/target/test-classes/Login.xml
2018-09-26 12:17:36 下午 [Thread: main][ Class:com.auto.utils.LogUtil >> Method: com.auto.utils.LogUtil.error(LogUtil.java:38) ]
ERROR:login02:Test Failure
2018-09-26 12:17:37 下午 [Thread: main][ Class:com.auto.utils.LogUtil >> Method: com.auto.utils.LogUtil.error(LogUtil.java:38) ]
ERROR:login02:Test Failure
2018-09-26 12:17:39 下午 [Thread: main][ Class:com.auto.utils.LogUtil >> Method: com.auto.utils.LogUtil.error(LogUtil.java:38) ]
ERROR:login:Test Skipped
2018-09-26 12:17:39 下午 [Thread: main][ Class:com.auto.utils.LogUtil >> Method: com.auto.utils.LogUtil.error(LogUtil.java:38) ]
ERROR:login:Test Skipped
2018-09-26 12:17:41 下午 [Thread: main][ Class:com.auto.utils.LogUtil >> Method: com.auto.utils.LogUtil.info(LogUtil.java:30) ]
INFO:Login:Test Finish
2018-09-26 12:17:41 下午 [Thread: main][ Class:com.auto.utils.LogUtil >> Method: com.auto.utils.LogUtil.info(LogUtil.java:30) ]
INFO:Login:Test Finish
2018-09-26 12:19:38 下午 [Thread: main][ Class:com.auto.utils.LogUtil >> Method: com.auto.utils.LogUtil.info(LogUtil.java:30) ]
INFO:Banner:Test Start
2018-09-26 12:19:38 下午 [Thread: main][ Class:com.auto.utils.LogUtil >> Method: com.auto.utils.LogUtil.info(LogUtil.java:30) ]
INFO:Banner:Test Start
2018-09-26 12:19:44 下午 [Thread: main][ Class:com.auto.utils.LogUtil >> Method: com.auto.utils.LogUtil.info(LogUtil.java:30) ]
INFO:/D:/workspaces/java/maven/UiAuto/selenium/TestAction-master/target/test-classes/Banner.xml;resourcesName=Banner
2018-09-26 12:19:44 下午 [Thread: main][ Class:com.auto.utils.LogUtil >> Method: com.auto.utils.LogUtil.error(LogUtil.java:38) ]
ERROR:can't find /D:/workspaces/java/maven/UiAuto/selenium/TestAction-master/target/test-classes/Banner.xml
2018-09-26 12:19:44 下午 [Thread: main][ Class:com.auto.utils.LogUtil >> Method: com.auto.utils.LogUtil.error(LogUtil.java:38) ]
ERROR:click:Test Failure
2018-09-26 12:19:44 下午 [Thread: main][ Class:com.auto.utils.LogUtil >> Method: com.auto.utils.LogUtil.error(LogUtil.java:38) ]
ERROR:click:Test Failure
2018-09-26 12:19:45 下午 [Thread: main][ Class:com.auto.utils.LogUtil >> Method: com.auto.utils.LogUtil.info(LogUtil.java:30) ]
INFO:Banner:Test Finish
2018-09-26 12:19:45 下午 [Thread: main][ Class:com.auto.utils.LogUtil >> Method: com.auto.utils.LogUtil.info(LogUtil.java:30) ]
INFO:Banner:Test Finish
2018-09-26 12:21:16 下午 [Thread: main][ Class:com.auto.utils.LogUtil >> Method: com.auto.utils.LogUtil.info(LogUtil.java:30) ]
INFO:TestAction-master:Test Start
2018-09-26 12:21:16 下午 [Thread: main][ Class:com.auto.utils.LogUtil >> Method: com.auto.utils.LogUtil.error(LogUtil.java:38) ]
ERROR:click:Test Skipped
2018-09-26 12:21:16 下午 [Thread: main][ Class:com.auto.utils.LogUtil >> Method: com.auto.utils.LogUtil.info(LogUtil.java:30) ]
INFO:TestAction-master:Test Finish
2018-09-26 12:27:07 下午 [Thread: main][ Class:com.auto.utils.LogUtil >> Method: com.auto.utils.LogUtil.info(LogUtil.java:30) ]
INFO:Banner:Test Start
2018-09-26 12:27:07 下午 [Thread: main][ Class:com.auto.utils.LogUtil >> Method: com.auto.utils.LogUtil.info(LogUtil.java:30) ]
INFO:Banner:Test Start
2018-09-26 12:27:39 下午 [Thread: main][ Class:com.auto.utils.LogUtil >> Method: com.auto.utils.LogUtil.info(LogUtil.java:30) ]
INFO:/D:/workspaces/java/maven/UiAuto/selenium/TestAction-master/target/test-classes/Banner.xml;resourcesName=Banner
2018-09-26 12:27:39 下午 [Thread: main][ Class:com.auto.utils.LogUtil >> Method: com.auto.utils.LogUtil.error(LogUtil.java:38) ]
ERROR:can't find /D:/workspaces/java/maven/UiAuto/selenium/TestAction-master/target/test-classes/Banner.xml
2018-09-26 12:27:39 下午 [Thread: main][ Class:com.auto.utils.LogUtil >> Method: com.auto.utils.LogUtil.error(LogUtil.java:38) ]
ERROR:click:Test Failure
2018-09-26 12:27:39 下午 [Thread: main][ Class:com.auto.utils.LogUtil >> Method: com.auto.utils.LogUtil.error(LogUtil.java:38) ]
ERROR:click:Test Failure
2018-09-26 12:27:42 下午 [Thread: main][ Class:com.auto.utils.LogUtil >> Method: com.auto.utils.LogUtil.info(LogUtil.java:30) ]
INFO:Banner:Test Finish
2018-09-26 12:27:42 下午 [Thread: main][ Class:com.auto.utils.LogUtil >> Method: com.auto.utils.LogUtil.info(LogUtil.java:30) ]
INFO:Banner:Test Finish
2018-09-26 12:27:42 下午 [Thread: main][ Class:com.auto.utils.LogUtil >> Method: com.auto.utils.LogUtil.info(LogUtil.java:30) ]
INFO:Login:Test Start
2018-09-26 12:27:42 下午 [Thread: main][ Class:com.auto.utils.LogUtil >> Method: com.auto.utils.LogUtil.info(LogUtil.java:30) ]
INFO:Login:Test Start
2018-09-26 12:28:11 下午 [Thread: main][ Class:com.auto.utils.LogUtil >> Method: com.auto.utils.LogUtil.info(LogUtil.java:30) ]
INFO:Banner:Test Start
2018-09-26 12:28:11 下午 [Thread: main][ Class:com.auto.utils.LogUtil >> Method: com.auto.utils.LogUtil.info(LogUtil.java:30) ]
INFO:Banner:Test Start
2018-09-26 12:28:40 下午 [Thread: main][ Class:com.auto.utils.LogUtil >> Method: com.auto.utils.LogUtil.info(LogUtil.java:30) ]
INFO:/D:/workspaces/java/maven/UiAuto/selenium/TestAction-master/target/test-classes/Banner.xml;resourcesName=Banner
2018-09-26 12:28:40 下午 [Thread: main][ Class:com.auto.utils.LogUtil >> Method: com.auto.utils.LogUtil.error(LogUtil.java:38) ]
ERROR:can't find /D:/workspaces/java/maven/UiAuto/selenium/TestAction-master/target/test-classes/Banner.xml
2018-09-26 12:28:40 下午 [Thread: main][ Class:com.auto.utils.LogUtil >> Method: com.auto.utils.LogUtil.error(LogUtil.java:38) ]
ERROR:click:Test Failure
2018-09-26 12:28:41 下午 [Thread: main][ Class:com.auto.utils.LogUtil >> Method: com.auto.utils.LogUtil.error(LogUtil.java:38) ]
ERROR:click:Test Failure
2018-09-26 12:28:43 下午 [Thread: main][ Class:com.auto.utils.LogUtil >> Method: com.auto.utils.LogUtil.info(LogUtil.java:30) ]
INFO:Banner:Test Finish
2018-09-26 12:28:43 下午 [Thread: main][ Class:com.auto.utils.LogUtil >> Method: com.auto.utils.LogUtil.info(LogUtil.java:30) ]
INFO:Banner:Test Finish
2018-09-26 12:28:43 下午 [Thread: main][ Class:com.auto.utils.LogUtil >> Method: com.auto.utils.LogUtil.info(LogUtil.java:30) ]
INFO:Login:Test Start
2018-09-26 12:28:43 下午 [Thread: main][ Class:com.auto.utils.LogUtil >> Method: com.auto.utils.LogUtil.info(LogUtil.java:30) ]
INFO:Login:Test Start
2018-09-26 12:29:12 下午 [Thread: main][ Class:com.auto.utils.LogUtil >> Method: com.auto.utils.LogUtil.info(LogUtil.java:30) ]
INFO:/D:/workspaces/java/maven/UiAuto/selenium/TestAction-master/target/test-classes/Login.xml;resourcesName=Login;locatorName=Login
2018-09-26 12:29:12 下午 [Thread: main][ Class:com.auto.utils.LogUtil >> Method: com.auto.utils.LogUtil.error(LogUtil.java:38) ]
ERROR:can't find /D:/workspaces/java/maven/UiAuto/selenium/TestAction-master/target/test-classes/Login.xml
2018-09-26 12:29:12 下午 [Thread: main][ Class:com.auto.utils.LogUtil >> Method: com.auto.utils.LogUtil.error(LogUtil.java:38) ]
ERROR:login02:Test Failure
2018-09-26 12:29:13 下午 [Thread: main][ Class:com.auto.utils.LogUtil >> Method: com.auto.utils.LogUtil.error(LogUtil.java:38) ]
ERROR:login02:Test Failure
2018-09-26 12:29:13 下午 [Thread: main][ Class:com.auto.utils.LogUtil >> Method: com.auto.utils.LogUtil.info(LogUtil.java:30) ]
INFO:/D:/workspaces/java/maven/UiAuto/selenium/TestAction-master/target/test-classes/Login.xml;resourcesName=Login;locatorName=Login
2018-09-26 12:29:13 下午 [Thread: main][ Class:com.auto.utils.LogUtil >> Method: com.auto.utils.LogUtil.error(LogUtil.java:38) ]
ERROR:can't find /D:/workspaces/java/maven/UiAuto/selenium/TestAction-master/target/test-classes/Login.xml
2018-09-26 12:29:13 下午 [Thread: main][ Class:com.auto.utils.LogUtil >> Method: com.auto.utils.LogUtil.error(LogUtil.java:38) ]
ERROR:login02:Test Failure
2018-09-26 12:29:14 下午 [Thread: main][ Class:com.auto.utils.LogUtil >> Method: com.auto.utils.LogUtil.error(LogUtil.java:38) ]
ERROR:login02:Test Failure
2018-09-26 12:29:18 下午 [Thread: main][ Class:com.auto.utils.LogUtil >> Method: com.auto.utils.LogUtil.error(LogUtil.java:38) ]
ERROR:login02:Test Failure
2018-09-26 12:29:25 下午 [Thread: main][ Class:com.auto.utils.LogUtil >> Method: com.auto.utils.LogUtil.info(LogUtil.java:30) ]
INFO:Login:Test Finish
2018-09-26 12:29:25 下午 [Thread: main][ Class:com.auto.utils.LogUtil >> Method: com.auto.utils.LogUtil.info(LogUtil.java:30) ]
INFO:Login:Test Finish
2018-09-26 12:31:07 下午 [Thread: main][ Class:com.auto.utils.LogUtil >> Method: com.auto.utils.LogUtil.info(LogUtil.java:30) ]
INFO:Banner:Test Start
2018-09-26 12:31:07 下午 [Thread: main][ Class:com.auto.utils.LogUtil >> Method: com.auto.utils.LogUtil.info(LogUtil.java:30) ]
INFO:Banner:Test Start
2018-09-26 12:33:02 下午 [Thread: main][ Class:com.auto.utils.LogUtil >> Method: com.auto.utils.LogUtil.info(LogUtil.java:30) ]
INFO:/D:/workspaces/java/maven/UiAuto/selenium/TestAction-master/target/test-classes/Banner.xml;resourcesName=Banner
2018-09-26 12:33:02 下午 [Thread: main][ Class:com.auto.utils.LogUtil >> Method: com.auto.utils.LogUtil.error(LogUtil.java:38) ]
ERROR:can't find /D:/workspaces/java/maven/UiAuto/selenium/TestAction-master/target/test-classes/Banner.xml
2018-09-26 12:33:02 下午 [Thread: main][ Class:com.auto.utils.LogUtil >> Method: com.auto.utils.LogUtil.error(LogUtil.java:38) ]
ERROR:click:Test Failure
2018-09-26 13:25:36 下午 [Thread: main][ Class:com.auto.utils.LogUtil >> Method: com.auto.utils.LogUtil.info(LogUtil.java:30) ]
INFO:Banner:Test Start
2018-09-26 13:25:36 下午 [Thread: main][ Class:com.auto.utils.LogUtil >> Method: com.auto.utils.LogUtil.info(LogUtil.java:30) ]
INFO:Banner:Test Start
2018-09-26 13:25:40 下午 [Thread: main][ Class:com.auto.utils.LogUtil >> Method: com.auto.utils.LogUtil.error(LogUtil.java:38) ]
ERROR:click:Test Skipped
2018-09-26 13:25:40 下午 [Thread: main][ Class:com.auto.utils.LogUtil >> Method: com.auto.utils.LogUtil.error(LogUtil.java:38) ]
ERROR:click:Test Skipped
2018-09-26 13:25:40 下午 [Thread: main][ Class:com.auto.utils.LogUtil >> Method: com.auto.utils.LogUtil.info(LogUtil.java:30) ]
INFO:Banner:Test Finish
2018-09-26 13:25:40 下午 [Thread: main][ Class:com.auto.utils.LogUtil >> Method: com.auto.utils.LogUtil.info(LogUtil.java:30) ]
INFO:Banner:Test Finish
2018-09-26 13:25:40 下午 [Thread: main][ Class:com.auto.utils.LogUtil >> Method: com.auto.utils.LogUtil.info(LogUtil.java:30) ]
INFO:Login:Test Start
2018-09-26 13:25:40 下午 [Thread: main][ Class:com.auto.utils.LogUtil >> Method: com.auto.utils.LogUtil.info(LogUtil.java:30) ]
INFO:Login:Test Start
2018-09-26 13:25:43 下午 [Thread: main][ Class:com.auto.utils.LogUtil >> Method: com.auto.utils.LogUtil.error(LogUtil.java:38) ]
ERROR:login02:Test Skipped
2018-09-26 13:25:43 下午 [Thread: main][ Class:com.auto.utils.LogUtil >> Method: com.auto.utils.LogUtil.error(LogUtil.java:38) ]
ERROR:login02:Test Skipped
2018-09-26 13:25:43 下午 [Thread: main][ Class:com.auto.utils.LogUtil >> Method: com.auto.utils.LogUtil.error(LogUtil.java:38) ]
ERROR:login02:Test Skipped
2018-09-26 13:25:43 下午 [Thread: main][ Class:com.auto.utils.LogUtil >> Method: com.auto.utils.LogUtil.error(LogUtil.java:38) ]
ERROR:login02:Test Skipped
2018-09-26 13:25:43 下午 [Thread: main][ Class:com.auto.utils.LogUtil >> Method: com.auto.utils.LogUtil.error(LogUtil.java:38) ]
ERROR:login02:Test Skipped
2018-09-26 13:25:43 下午 [Thread: main][ Class:com.auto.utils.LogUtil >> Method: com.auto.utils.LogUtil.error(LogUtil.java:38) ]
ERROR:login02:Test Skipped
2018-09-26 13:25:43 下午 [Thread: main][ Class:com.auto.utils.LogUtil >> Method: com.auto.utils.LogUtil.error(LogUtil.java:38) ]
ERROR:login:Test Skipped
2018-09-26 13:25:43 下午 [Thread: main][ Class:com.auto.utils.LogUtil >> Method: com.auto.utils.LogUtil.error(LogUtil.java:38) ]
ERROR:login:Test Skipped
2018-09-26 13:25:43 下午 [Thread: main][ Class:com.auto.utils.LogUtil >> Method: com.auto.utils.LogUtil.info(LogUtil.java:30) ]
INFO:Login:Test Finish
2018-09-26 13:25:43 下午 [Thread: main][ Class:com.auto.utils.LogUtil >> Method: com.auto.utils.LogUtil.info(LogUtil.java:30) ]
INFO:Login:Test Finish
2018-09-26 13:29:31 下午 [Thread: main][ Class:com.auto.utils.LogUtil >> Method: com.auto.utils.LogUtil.info(LogUtil.java:30) ]
INFO:Banner:Test Start
2018-09-26 13:29:31 下午 [Thread: main][ Class:com.auto.utils.LogUtil >> Method: com.auto.utils.LogUtil.info(LogUtil.java:30) ]
INFO:Banner:Test Start
2018-09-26 13:29:35 下午 [Thread: main][ Class:com.auto.utils.LogUtil >> Method: com.auto.utils.LogUtil.error(LogUtil.java:38) ]
ERROR:click:Test Skipped
2018-09-26 13:29:35 下午 [Thread: main][ Class:com.auto.utils.LogUtil >> Method: com.auto.utils.LogUtil.error(LogUtil.java:38) ]
ERROR:click:Test Skipped
2018-09-26 13:29:35 下午 [Thread: main][ Class:com.auto.utils.LogUtil >> Method: com.auto.utils.LogUtil.info(LogUtil.java:30) ]
INFO:Banner:Test Finish
2018-09-26 13:29:35 下午 [Thread: main][ Class:com.auto.utils.LogUtil >> Method: com.auto.utils.LogUtil.info(LogUtil.java:30) ]
INFO:Banner:Test Finish
2018-09-26 13:29:35 下午 [Thread: main][ Class:com.auto.utils.LogUtil >> Method: com.auto.utils.LogUtil.info(LogUtil.java:30) ]
INFO:Login:Test Start
2018-09-26 13:29:35 下午 [Thread: main][ Class:com.auto.utils.LogUtil >> Method: com.auto.utils.LogUtil.info(LogUtil.java:30) ]
INFO:Login:Test Start
2018-09-26 13:29:38 下午 [Thread: main][ Class:com.auto.utils.LogUtil >> Method: com.auto.utils.LogUtil.error(LogUtil.java:38) ]
ERROR:login02:Test Skipped
2018-09-26 13:29:38 下午 [Thread: main][ Class:com.auto.utils.LogUtil >> Method: com.auto.utils.LogUtil.error(LogUtil.java:38) ]
ERROR:login02:Test Skipped
2018-09-26 13:29:38 下午 [Thread: main][ Class:com.auto.utils.LogUtil >> Method: com.auto.utils.LogUtil.error(LogUtil.java:38) ]
ERROR:login02:Test Skipped
2018-09-26 13:29:38 下午 [Thread: main][ Class:com.auto.utils.LogUtil >> Method: com.auto.utils.LogUtil.error(LogUtil.java:38) ]
ERROR:login02:Test Skipped
2018-09-26 13:29:38 下午 [Thread: main][ Class:com.auto.utils.LogUtil >> Method: com.auto.utils.LogUtil.error(LogUtil.java:38) ]
ERROR:login02:Test Skipped
2018-09-26 13:29:38 下午 [Thread: main][ Class:com.auto.utils.LogUtil >> Method: com.auto.utils.LogUtil.error(LogUtil.java:38) ]
ERROR:login02:Test Skipped
2018-09-26 13:29:38 下午 [Thread: main][ Class:com.auto.utils.LogUtil >> Method: com.auto.utils.LogUtil.error(LogUtil.java:38) ]
ERROR:login:Test Skipped
2018-09-26 13:29:38 下午 [Thread: main][ Class:com.auto.utils.LogUtil >> Method: com.auto.utils.LogUtil.error(LogUtil.java:38) ]
ERROR:login:Test Skipped
2018-09-26 13:29:38 下午 [Thread: main][ Class:com.auto.utils.LogUtil >> Method: com.auto.utils.LogUtil.info(LogUtil.java:30) ]
INFO:Login:Test Finish
2018-09-26 13:29:38 下午 [Thread: main][ Class:com.auto.utils.LogUtil >> Method: com.auto.utils.LogUtil.info(LogUtil.java:30) ]
INFO:Login:Test Finish
2018-09-26 13:30:30 下午 [Thread: main][ Class:com.auto.utils.LogUtil >> Method: com.auto.utils.LogUtil.info(LogUtil.java:30) ]
INFO:Banner:Test Start
2018-09-26 13:30:30 下午 [Thread: main][ Class:com.auto.utils.LogUtil >> Method: com.auto.utils.LogUtil.info(LogUtil.java:30) ]
INFO:Banner:Test Start
2018-09-26 13:30:34 下午 [Thread: main][ Class:com.auto.utils.LogUtil >> Method: com.auto.utils.LogUtil.error(LogUtil.java:38) ]
ERROR:click:Test Skipped
2018-09-26 13:30:34 下午 [Thread: main][ Class:com.auto.utils.LogUtil >> Method: com.auto.utils.LogUtil.error(LogUtil.java:38) ]
ERROR:click:Test Skipped
2018-09-26 13:30:34 下午 [Thread: main][ Class:com.auto.utils.LogUtil >> Method: com.auto.utils.LogUtil.info(LogUtil.java:30) ]
INFO:Banner:Test Finish
2018-09-26 13:30:34 下午 [Thread: main][ Class:com.auto.utils.LogUtil >> Method: com.auto.utils.LogUtil.info(LogUtil.java:30) ]
INFO:Banner:Test Finish
2018-09-26 13:30:34 下午 [Thread: main][ Class:com.auto.utils.LogUtil >> Method: com.auto.utils.LogUtil.info(LogUtil.java:30) ]
INFO:Login:Test Start
2018-09-26 13:30:34 下午 [Thread: main][ Class:com.auto.utils.LogUtil >> Method: com.auto.utils.LogUtil.info(LogUtil.java:30) ]
INFO:Login:Test Start
2018-09-26 13:30:36 下午 [Thread: main][ Class:com.auto.utils.LogUtil >> Method: com.auto.utils.LogUtil.error(LogUtil.java:38) ]
ERROR:login02:Test Skipped
2018-09-26 13:30:36 下午 [Thread: main][ Class:com.auto.utils.LogUtil >> Method: com.auto.utils.LogUtil.error(LogUtil.java:38) ]
ERROR:login02:Test Skipped
2018-09-26 13:30:36 下午 [Thread: main][ Class:com.auto.utils.LogUtil >> Method: com.auto.utils.LogUtil.error(LogUtil.java:38) ]
ERROR:login02:Test Skipped
2018-09-26 13:30:36 下午 [Thread: main][ Class:com.auto.utils.LogUtil >> Method: com.auto.utils.LogUtil.error(LogUtil.java:38) ]
ERROR:login02:Test Skipped
2018-09-26 13:30:36 下午 [Thread: main][ Class:com.auto.utils.LogUtil >> Method: com.auto.utils.LogUtil.error(LogUtil.java:38) ]
ERROR:login02:Test Skipped
2018-09-26 13:30:36 下午 [Thread: main][ Class:com.auto.utils.LogUtil >> Method: com.auto.utils.LogUtil.error(LogUtil.java:38) ]
ERROR:login02:Test Skipped
2018-09-26 13:30:36 下午 [Thread: main][ Class:com.auto.utils.LogUtil >> Method: com.auto.utils.LogUtil.error(LogUtil.java:38) ]
ERROR:login:Test Skipped
2018-09-26 13:30:36 下午 [Thread: main][ Class:com.auto.utils.LogUtil >> Method: com.auto.utils.LogUtil.error(LogUtil.java:38) ]
ERROR:login:Test Skipped
2018-09-26 13:30:36 下午 [Thread: main][ Class:com.auto.utils.LogUtil >> Method: com.auto.utils.LogUtil.info(LogUtil.java:30) ]
INFO:Login:Test Finish
2018-09-26 13:30:36 下午 [Thread: main][ Class:com.auto.utils.LogUtil >> Method: com.auto.utils.LogUtil.info(LogUtil.java:30) ]
INFO:Login:Test Finish
2018-09-26 14:52:20 下午 [Thread: main][ Class:com.auto.utils.LogUtil >> Method: com.auto.utils.LogUtil.info(LogUtil.java:30) ]
INFO:Banner:Test Start
2018-09-26 14:52:20 下午 [Thread: main][ Class:com.auto.utils.LogUtil >> Method: com.auto.utils.LogUtil.info(LogUtil.java:30) ]
INFO:Banner:Test Start
2018-09-26 14:56:01 下午 [Thread: main][ Class:com.auto.utils.LogUtil >> Method: com.auto.utils.LogUtil.info(LogUtil.java:30) ]
INFO:/D:/workspaces/java/maven/UiAuto/selenium/TestAction-master/target/test-classes/Banner.xml;resourcesName=Banner
2018-09-26 14:56:01 下午 [Thread: main][ Class:com.auto.utils.LogUtil >> Method: com.auto.utils.LogUtil.error(LogUtil.java:38) ]
ERROR:can't find /D:/workspaces/java/maven/UiAuto/selenium/TestAction-master/target/test-classes/Banner.xml
2018-09-26 14:56:42 下午 [Thread: main][ Class:com.auto.utils.LogUtil >> Method: com.auto.utils.LogUtil.error(LogUtil.java:38) ]
ERROR:click:Test Failure
2018-09-26 14:56:43 下午 [Thread: main][ Class:com.auto.utils.LogUtil >> Method: com.auto.utils.LogUtil.error(LogUtil.java:38) ]
ERROR:click:Test Failure
2018-09-26 14:56:45 下午 [Thread: main][ Class:com.auto.utils.LogUtil >> Method: com.auto.utils.LogUtil.info(LogUtil.java:30) ]
INFO:Banner:Test Finish
2018-09-26 14:56:45 下午 [Thread: main][ Class:com.auto.utils.LogUtil >> Method: com.auto.utils.LogUtil.info(LogUtil.java:30) ]
INFO:Banner:Test Finish
2018-09-26 14:56:45 下午 [Thread: main][ Class:com.auto.utils.LogUtil >> Method: com.auto.utils.LogUtil.info(LogUtil.java:30) ]
INFO:Login:Test Start
2018-09-26 14:56:45 下午 [Thread: main][ Class:com.auto.utils.LogUtil >> Method: com.auto.utils.LogUtil.info(LogUtil.java:30) ]
INFO:Login:Test Start
2018-09-26 14:57:12 下午 [Thread: main][ Class:com.auto.utils.LogUtil >> Method: com.auto.utils.LogUtil.info(LogUtil.java:30) ]
INFO:/D:/workspaces/java/maven/UiAuto/selenium/TestAction-master/target/test-classes/Login.xml;resourcesName=Login;locatorName=Login
2018-09-26 14:57:12 下午 [Thread: main][ Class:com.auto.utils.LogUtil >> Method: com.auto.utils.LogUtil.error(LogUtil.java:38) ]
ERROR:can't find /D:/workspaces/java/maven/UiAuto/selenium/TestAction-master/target/test-classes/Login.xml
2018-09-26 14:57:12 下午 [Thread: main][ Class:com.auto.utils.LogUtil >> Method: com.auto.utils.LogUtil.error(LogUtil.java:38) ]
ERROR:login02:Test Failure
2018-09-26 14:57:13 下午 [Thread: main][ Class:com.auto.utils.LogUtil >> Method: com.auto.utils.LogUtil.error(LogUtil.java:38) ]
ERROR:login02:Test Failure
2018-09-26 14:57:13 下午 [Thread: main][ Class:com.auto.utils.LogUtil >> Method: com.auto.utils.LogUtil.info(LogUtil.java:30) ]
INFO:/D:/workspaces/java/maven/UiAuto/selenium/TestAction-master/target/test-classes/Login.xml;resourcesName=Login;locatorName=Login
2018-09-26 14:57:13 下午 [Thread: main][ Class:com.auto.utils.LogUtil >> Method: com.auto.utils.LogUtil.error(LogUtil.java:38) ]
ERROR:can't find /D:/workspaces/java/maven/UiAuto/selenium/TestAction-master/target/test-classes/Login.xml
2018-09-26 14:57:13 下午 [Thread: main][ Class:com.auto.utils.LogUtil >> Method: com.auto.utils.LogUtil.error(LogUtil.java:38) ]
ERROR:login02:Test Failure
2018-09-26 14:57:14 下午 [Thread: main][ Class:com.auto.utils.LogUtil >> Method: com.auto.utils.LogUtil.error(LogUtil.java:38) ]
ERROR:login02:Test Failure
2018-09-26 14:57:15 下午 [Thread: main][ Class:com.auto.utils.LogUtil >> Method: com.auto.utils.LogUtil.info(LogUtil.java:30) ]
INFO:/D:/workspaces/java/maven/UiAuto/selenium/TestAction-master/target/test-classes/Login.xml;resourcesName=Login;locatorName=Login
2018-09-26 14:57:15 下午 [Thread: main][ Class:com.auto.utils.LogUtil >> Method: com.auto.utils.LogUtil.error(LogUtil.java:38) ]
ERROR:can't find /D:/workspaces/java/maven/UiAuto/selenium/TestAction-master/target/test-classes/Login.xml
2018-09-26 14:57:15 下午 [Thread: main][ Class:com.auto.utils.LogUtil >> Method: com.auto.utils.LogUtil.error(LogUtil.java:38) ]
ERROR:login02:Test Failure
2018-09-26 14:57:15 下午 [Thread: main][ Class:com.auto.utils.LogUtil >> Method: com.auto.utils.LogUtil.error(LogUtil.java:38) ]
ERROR:login02:Test Failure
2018-09-26 14:57:16 下午 [Thread: main][ Class:com.auto.utils.LogUtil >> Method: com.auto.utils.LogUtil.error(LogUtil.java:38) ]
ERROR:login:Test Skipped
2018-09-26 14:57:16 下午 [Thread: main][ Class:com.auto.utils.LogUtil >> Method: com.auto.utils.LogUtil.error(LogUtil.java:38) ]
ERROR:login:Test Skipped
2018-09-26 14:57:18 下午 [Thread: main][ Class:com.auto.utils.LogUtil >> Method: com.auto.utils.LogUtil.info(LogUtil.java:30) ]
INFO:Login:Test Finish
2018-09-26 14:57:18 下午 [Thread: main][ Class:com.auto.utils.LogUtil >> Method: com.auto.utils.LogUtil.info(LogUtil.java:30) ]
INFO:Login:Test Finish
2018-09-26 14:57:54 下午 [Thread: main][ Class:com.auto.utils.LogUtil >> Method: com.auto.utils.LogUtil.info(LogUtil.java:30) ]
INFO:Banner:Test Start
2018-09-26 14:57:54 下午 [Thread: main][ Class:com.auto.utils.LogUtil >> Method: com.auto.utils.LogUtil.info(LogUtil.java:30) ]
INFO:Banner:Test Start
2018-09-26 14:58:43 下午 [Thread: main][ Class:com.auto.utils.LogUtil >> Method: com.auto.utils.LogUtil.info(LogUtil.java:30) ]
INFO:/D:/workspaces/java/maven/UiAuto/selenium/TestAction-master/target/test-classes/Banner.xml;resourcesName=Banner
2018-09-26 14:58:43 下午 [Thread: main][ Class:com.auto.utils.LogUtil >> Method: com.auto.utils.LogUtil.error(LogUtil.java:38) ]
ERROR:can't find /D:/workspaces/java/maven/UiAuto/selenium/TestAction-master/target/test-classes/Banner.xml
2018-09-26 14:58:43 下午 [Thread: main][ Class:com.auto.utils.LogUtil >> Method: com.auto.utils.LogUtil.error(LogUtil.java:38) ]
ERROR:click:Test Failure
2018-09-26 14:58:43 下午 [Thread: main][ Class:com.auto.utils.LogUtil >> Method: com.auto.utils.LogUtil.error(LogUtil.java:38) ]
ERROR:click:Test Failure
2018-09-26 14:58:45 下午 [Thread: main][ Class:com.auto.utils.LogUtil >> Method: com.auto.utils.LogUtil.info(LogUtil.java:30) ]
INFO:Banner:Test Finish
2018-09-26 14:58:45 下午 [Thread: main][ Class:com.auto.utils.LogUtil >> Method: com.auto.utils.LogUtil.info(LogUtil.java:30) ]
INFO:Banner:Test Finish
2018-09-26 14:58:45 下午 [Thread: main][ Class:com.auto.utils.LogUtil >> Method: com.auto.utils.LogUtil.info(LogUtil.java:30) ]
INFO:Login:Test Start
2018-09-26 14:58:45 下午 [Thread: main][ Class:com.auto.utils.LogUtil >> Method: com.auto.utils.LogUtil.info(LogUtil.java:30) ]
INFO:Login:Test Start
2018-09-26 14:59:10 下午 [Thread: main][ Class:com.auto.utils.LogUtil >> Method: com.auto.utils.LogUtil.info(LogUtil.java:30) ]
INFO:/D:/workspaces/java/maven/UiAuto/selenium/TestAction-master/target/test-classes/Login.xml;resourcesName=Login;locatorName=Login
2018-09-26 14:59:10 下午 [Thread: main][ Class:com.auto.utils.LogUtil >> Method: com.auto.utils.LogUtil.error(LogUtil.java:38) ]
ERROR:can't find /D:/workspaces/java/maven/UiAuto/selenium/TestAction-master/target/test-classes/Login.xml
2018-09-26 14:59:10 下午 [Thread: main][ Class:com.auto.utils.LogUtil >> Method: com.auto.utils.LogUtil.error(LogUtil.java:38) ]
ERROR:login02:Test Failure
2018-09-26 14:59:11 下午 [Thread: main][ Class:com.auto.utils.LogUtil >> Method: com.auto.utils.LogUtil.error(LogUtil.java:38) ]
ERROR:login02:Test Failure
2018-09-26 14:59:11 下午 [Thread: main][ Class:com.auto.utils.LogUtil >> Method: com.auto.utils.LogUtil.info(LogUtil.java:30) ]
INFO:/D:/workspaces/java/maven/UiAuto/selenium/TestAction-master/target/test-classes/Login.xml;resourcesName=Login;locatorName=Login
2018-09-26 14:59:11 下午 [Thread: main][ Class:com.auto.utils.LogUtil >> Method: com.auto.utils.LogUtil.error(LogUtil.java:38) ]
ERROR:can't find /D:/workspaces/java/maven/UiAuto/selenium/TestAction-master/target/test-classes/Login.xml
2018-09-26 14:59:11 下午 [Thread: main][ Class:com.auto.utils.LogUtil >> Method: com.auto.utils.LogUtil.error(LogUtil.java:38) ]
ERROR:login02:Test Failure
2018-09-26 14:59:12 下午 [Thread: main][ Class:com.auto.utils.LogUtil >> Method: com.auto.utils.LogUtil.error(LogUtil.java:38) ]
ERROR:login02:Test Failure
2018-09-26 14:59:12 下午 [Thread: main][ Class:com.auto.utils.LogUtil >> Method: com.auto.utils.LogUtil.info(LogUtil.java:30) ]
INFO:/D:/workspaces/java/maven/UiAuto/selenium/TestAction-master/target/test-classes/Login.xml;resourcesName=Login;locatorName=Login
2018-09-26 14:59:12 下午 [Thread: main][ Class:com.auto.utils.LogUtil >> Method: com.auto.utils.LogUtil.error(LogUtil.java:38) ]
ERROR:can't find /D:/workspaces/java/maven/UiAuto/selenium/TestAction-master/target/test-classes/Login.xml
2018-09-26 14:59:12 下午 [Thread: main][ Class:com.auto.utils.LogUtil >> Method: com.auto.utils.LogUtil.error(LogUtil.java:38) ]
ERROR:login02:Test Failure
2018-09-26 14:59:13 下午 [Thread: main][ Class:com.auto.utils.LogUtil >> Method: com.auto.utils.LogUtil.error(LogUtil.java:38) ]
ERROR:login02:Test Failure
2018-09-26 14:59:14 下午 [Thread: main][ Class:com.auto.utils.LogUtil >> Method: com.auto.utils.LogUtil.error(LogUtil.java:38) ]
ERROR:login:Test Skipped
2018-09-26 14:59:14 下午 [Thread: main][ Class:com.auto.utils.LogUtil >> Method: com.auto.utils.LogUtil.error(LogUtil.java:38) ]
ERROR:login:Test Skipped
2018-09-26 14:59:14 下午 [Thread: main][ Class:com.auto.utils.LogUtil >> Method: com.auto.utils.LogUtil.info(LogUtil.java:30) ]
INFO:Login:Test Finish
2018-09-26 14:59:14 下午 [Thread: main][ Class:com.auto.utils.LogUtil >> Method: com.auto.utils.LogUtil.info(LogUtil.java:30) ]
INFO:Login:Test Finish
2018-09-26 15:07:13 下午 [Thread: main][ Class:com.auto.utils.LogUtil >> Method: com.auto.utils.LogUtil.info(LogUtil.java:30) ]
INFO:Banner:Test Start
2018-09-26 15:07:13 下午 [Thread: main][ Class:com.auto.utils.LogUtil >> Method: com.auto.utils.LogUtil.info(LogUtil.java:30) ]
INFO:Banner:Test Start
2018-09-26 15:07:43 下午 [Thread: main][ Class:com.auto.utils.LogUtil >> Method: com.auto.utils.LogUtil.info(LogUtil.java:30) ]
INFO:/D:/workspaces/java/maven/UiAuto/selenium/TestAction-master/target/test-classes/Banner.xml;resourcesName=Banner
2018-09-26 15:08:11 下午 [Thread: main][ Class:com.auto.utils.LogUtil >> Method: com.auto.utils.LogUtil.error(LogUtil.java:38) ]
ERROR:can't find /D:/workspaces/java/maven/UiAuto/selenium/TestAction-master/target/test-classes/Banner.xml
2018-09-26 15:08:11 下午 [Thread: main][ Class:com.auto.utils.LogUtil >> Method: com.auto.utils.LogUtil.error(LogUtil.java:38) ]
ERROR:click:Test Failure
2018-09-26 15:08:12 下午 [Thread: main][ Class:com.auto.utils.LogUtil >> Method: com.auto.utils.LogUtil.error(LogUtil.java:38) ]
ERROR:click:Test Failure
2018-09-26 15:08:13 下午 [Thread: main][ Class:com.auto.utils.LogUtil >> Method: com.auto.utils.LogUtil.info(LogUtil.java:30) ]
INFO:Banner:Test Finish
2018-09-26 15:08:13 下午 [Thread: main][ Class:com.auto.utils.LogUtil >> Method: com.auto.utils.LogUtil.info(LogUtil.java:30) ]
INFO:Banner:Test Finish
2018-09-26 15:08:13 下午 [Thread: main][ Class:com.auto.utils.LogUtil >> Method: com.auto.utils.LogUtil.info(LogUtil.java:30) ]
INFO:Login:Test Start
2018-09-26 15:08:13 下午 [Thread: main][ Class:com.auto.utils.LogUtil >> Method: com.auto.utils.LogUtil.info(LogUtil.java:30) ]
INFO:Login:Test Start
2018-09-26 15:08:38 下午 [Thread: main][ Class:com.auto.utils.LogUtil >> Method: com.auto.utils.LogUtil.info(LogUtil.java:30) ]
INFO:/D:/workspaces/java/maven/UiAuto/selenium/TestAction-master/target/test-classes/Login.xml;resourcesName=Login;locatorName=Login
2018-09-26 15:08:38 下午 [Thread: main][ Class:com.auto.utils.LogUtil >> Method: com.auto.utils.LogUtil.error(LogUtil.java:38) ]
ERROR:can't find /D:/workspaces/java/maven/UiAuto/selenium/TestAction-master/target/test-classes/Login.xml
2018-09-26 15:08:38 下午 [Thread: main][ Class:com.auto.utils.LogUtil >> Method: com.auto.utils.LogUtil.error(LogUtil.java:38) ]
ERROR:login02:Test Failure
2018-09-26 15:08:39 下午 [Thread: main][ Class:com.auto.utils.LogUtil >> Method: com.auto.utils.LogUtil.error(LogUtil.java:38) ]
ERROR:login02:Test Failure
2018-09-26 15:08:39 下午 [Thread: main][ Class:com.auto.utils.LogUtil >> Method: com.auto.utils.LogUtil.info(LogUtil.java:30) ]
INFO:/D:/workspaces/java/maven/UiAuto/selenium/TestAction-master/target/test-classes/Login.xml;resourcesName=Login;locatorName=Login
2018-09-26 15:08:39 下午 [Thread: main][ Class:com.auto.utils.LogUtil >> Method: com.auto.utils.LogUtil.error(LogUtil.java:38) ]
ERROR:can't find /D:/workspaces/java/maven/UiAuto/selenium/TestAction-master/target/test-classes/Login.xml
2018-09-26 15:08:39 下午 [Thread: main][ Class:com.auto.utils.LogUtil >> Method: com.auto.utils.LogUtil.error(LogUtil.java:38) ]
ERROR:login02:Test Failure
2018-09-26 15:08:40 下午 [Thread: main][ Class:com.auto.utils.LogUtil >> Method: com.auto.utils.LogUtil.error(LogUtil.java:38) ]
ERROR:login02:Test Failure
2018-09-26 15:08:40 下午 [Thread: main][ Class:com.auto.utils.LogUtil >> Method: com.auto.utils.LogUtil.info(LogUtil.java:30) ]
INFO:/D:/workspaces/java/maven/UiAuto/selenium/TestAction-master/target/test-classes/Login.xml;resourcesName=Login;locatorName=Login
2018-09-26 15:08:40 下午 [Thread: main][ Class:com.auto.utils.LogUtil >> Method: com.auto.utils.LogUtil.error(LogUtil.java:38) ]
ERROR:can't find /D:/workspaces/java/maven/UiAuto/selenium/TestAction-master/target/test-classes/Login.xml
2018-09-26 15:08:40 下午 [Thread: main][ Class:com.auto.utils.LogUtil >> Method: com.auto.utils.LogUtil.error(LogUtil.java:38) ]
ERROR:login02:Test Failure
2018-09-26 15:08:41 下午 [Thread: main][ Class:com.auto.utils.LogUtil >> Method: com.auto.utils.LogUtil.error(LogUtil.java:38) ]
ERROR:login02:Test Failure
2018-09-26 15:08:41 下午 [Thread: main][ Class:com.auto.utils.LogUtil >> Method: com.auto.utils.LogUtil.error(LogUtil.java:38) ]
ERROR:login:Test Skipped
2018-09-26 15:08:41 下午 [Thread: main][ Class:com.auto.utils.LogUtil >> Method: com.auto.utils.LogUtil.error(LogUtil.java:38) ]
ERROR:login:Test Skipped
2018-09-26 15:08:42 下午 [Thread: main][ Class:com.auto.utils.LogUtil >> Method: com.auto.utils.LogUtil.info(LogUtil.java:30) ]
INFO:Login:Test Finish
2018-09-26 15:08:42 下午 [Thread: main][ Class:com.auto.utils.LogUtil >> Method: com.auto.utils.LogUtil.info(LogUtil.java:30) ]
INFO:Login:Test Finish
2018-09-26 15:09:50 下午 [Thread: main][ Class:com.auto.utils.LogUtil >> Method: com.auto.utils.LogUtil.info(LogUtil.java:30) ]
INFO:Banner:Test Start
2018-09-26 15:09:50 下午 [Thread: main][ Class:com.auto.utils.LogUtil >> Method: com.auto.utils.LogUtil.info(LogUtil.java:30) ]
INFO:Banner:Test Start
2018-09-26 15:10:17 下午 [Thread: main][ Class:com.auto.utils.LogUtil >> Method: com.auto.utils.LogUtil.info(LogUtil.java:30) ]
INFO:/D:/workspaces/java/maven/UiAuto/selenium/TestAction-master/target/test-classes/Banner.xml;resourcesName=Banner
2018-09-26 15:10:53 下午 [Thread: main][ Class:com.auto.utils.LogUtil >> Method: com.auto.utils.LogUtil.error(LogUtil.java:38) ]
ERROR:can't find /D:/workspaces/java/maven/UiAuto/selenium/TestAction-master/target/test-classes/Banner.xml
2018-09-26 15:13:51 下午 [Thread: main][ Class:com.auto.utils.LogUtil >> Method: com.auto.utils.LogUtil.error(LogUtil.java:38) ]
ERROR:click:Test Failure
2018-09-26 15:13:56 下午 [Thread: main][ Class:com.auto.utils.LogUtil >> Method: com.auto.utils.LogUtil.info(LogUtil.java:30) ]
INFO:Banner:Test Start
2018-09-26 15:13:56 下午 [Thread: main][ Class:com.auto.utils.LogUtil >> Method: com.auto.utils.LogUtil.info(LogUtil.java:30) ]
INFO:Banner:Test Start
2018-09-26 15:17:26 下午 [Thread: main][ Class:com.auto.utils.LogUtil >> Method: com.auto.utils.LogUtil.info(LogUtil.java:30) ]
INFO:/D:/workspaces/java/maven/UiAuto/selenium/TestAction-master/target/test-classes/Banner.xml;resourcesName=Banner
2018-09-26 15:17:26 下午 [Thread: main][ Class:com.auto.utils.LogUtil >> Method: com.auto.utils.LogUtil.error(LogUtil.java:38) ]
ERROR:can't find /D:/workspaces/java/maven/UiAuto/selenium/TestAction-master/target/test-classes/Banner.xml
2018-09-26 15:17:26 下午 [Thread: main][ Class:com.auto.utils.LogUtil >> Method: com.auto.utils.LogUtil.error(LogUtil.java:38) ]
ERROR:click:Test Failure
2018-09-26 15:25:44 下午 [Thread: main][ Class:com.auto.utils.LogUtil >> Method: com.auto.utils.LogUtil.info(LogUtil.java:30) ]
INFO:Banner:Test Start
2018-09-26 15:25:44 下午 [Thread: main][ Class:com.auto.utils.LogUtil >> Method: com.auto.utils.LogUtil.info(LogUtil.java:30) ]
INFO:Banner:Test Start
2018-09-26 15:27:03 下午 [Thread: main][ Class:com.auto.utils.LogUtil >> Method: com.auto.utils.LogUtil.error(LogUtil.java:38) ]
ERROR:click:Test Skipped
2018-09-26 15:27:03 下午 [Thread: main][ Class:com.auto.utils.LogUtil >> Method: com.auto.utils.LogUtil.error(LogUtil.java:38) ]
ERROR:click:Test Skipped
2018-09-26 15:27:03 下午 [Thread: main][ Class:com.auto.utils.LogUtil >> Method: com.auto.utils.LogUtil.info(LogUtil.java:30) ]
INFO:Banner:Test Finish
2018-09-26 15:27:03 下午 [Thread: main][ Class:com.auto.utils.LogUtil >> Method: com.auto.utils.LogUtil.info(LogUtil.java:30) ]
INFO:Banner:Test Finish
2018-09-26 15:27:03 下午 [Thread: main][ Class:com.auto.utils.LogUtil >> Method: com.auto.utils.LogUtil.info(LogUtil.java:30) ]
INFO:Login:Test Start
2018-09-26 15:27:03 下午 [Thread: main][ Class:com.auto.utils.LogUtil >> Method: com.auto.utils.LogUtil.info(LogUtil.java:30) ]
INFO:Login:Test Start
2018-09-26 15:28:01 下午 [Thread: main][ Class:com.auto.utils.LogUtil >> Method: com.auto.utils.LogUtil.info(LogUtil.java:30) ]
INFO:Banner:Test Start
2018-09-26 15:28:01 下午 [Thread: main][ Class:com.auto.utils.LogUtil >> Method: com.auto.utils.LogUtil.info(LogUtil.java:30) ]
INFO:Banner:Test Start
2018-09-26 15:29:45 下午 [Thread: main][ Class:com.auto.utils.LogUtil >> Method: com.auto.utils.LogUtil.error(LogUtil.java:38) ]
ERROR:click:Test Skipped
2018-09-26 15:29:45 下午 [Thread: main][ Class:com.auto.utils.LogUtil >> Method: com.auto.utils.LogUtil.error(LogUtil.java:38) ]
ERROR:click:Test Skipped
2018-09-26 15:29:45 下午 [Thread: main][ Class:com.auto.utils.LogUtil >> Method: com.auto.utils.LogUtil.info(LogUtil.java:30) ]
INFO:Banner:Test Finish
2018-09-26 15:29:45 下午 [Thread: main][ Class:com.auto.utils.LogUtil >> Method: com.auto.utils.LogUtil.info(LogUtil.java:30) ]
INFO:Banner:Test Finish
2018-09-26 15:29:45 下午 [Thread: main][ Class:com.auto.utils.LogUtil >> Method: com.auto.utils.LogUtil.info(LogUtil.java:30) ]
INFO:Login:Test Start
2018-09-26 15:29:45 下午 [Thread: main][ Class:com.auto.utils.LogUtil >> Method: com.auto.utils.LogUtil.info(LogUtil.java:30) ]
INFO:Login:Test Start
2018-09-26 15:52:39 下午 [Thread: main][ Class:com.auto.utils.LogUtil >> Method: com.auto.utils.LogUtil.info(LogUtil.java:30) ]
INFO:Banner:Test Start
2018-09-26 15:52:39 下午 [Thread: main][ Class:com.auto.utils.LogUtil >> Method: com.auto.utils.LogUtil.info(LogUtil.java:30) ]
INFO:Banner:Test Start
2018-09-26 15:53:07 下午 [Thread: main][ Class:com.auto.utils.LogUtil >> Method: com.auto.utils.LogUtil.error(LogUtil.java:38) ]
ERROR:click:Test Skipped
2018-09-26 15:53:07 下午 [Thread: main][ Class:com.auto.utils.LogUtil >> Method: com.auto.utils.LogUtil.error(LogUtil.java:38) ]
ERROR:click:Test Skipped
2018-09-26 15:53:07 下午 [Thread: main][ Class:com.auto.utils.LogUtil >> Method: com.auto.utils.LogUtil.info(LogUtil.java:30) ]
INFO:Banner:Test Finish
2018-09-26 15:53:07 下午 [Thread: main][ Class:com.auto.utils.LogUtil >> Method: com.auto.utils.LogUtil.info(LogUtil.java:30) ]
INFO:Banner:Test Finish
2018-09-26 15:53:07 下午 [Thread: main][ Class:com.auto.utils.LogUtil >> Method: com.auto.utils.LogUtil.info(LogUtil.java:30) ]
INFO:Login:Test Start
2018-09-26 15:53:07 下午 [Thread: main][ Class:com.auto.utils.LogUtil >> Method: com.auto.utils.LogUtil.info(LogUtil.java:30) ]
INFO:Login:Test Start
2018-09-26 15:53:31 下午 [Thread: main][ Class:com.auto.utils.LogUtil >> Method: com.auto.utils.LogUtil.info(LogUtil.java:30) ]
INFO:/D:/workspaces/java/maven/UiAuto/selenium/TestAction-master/target/test-classes/Login.xml;resourcesName=Login;locatorName=Login
2018-09-26 15:53:31 下午 [Thread: main][ Class:com.auto.utils.LogUtil >> Method: com.auto.utils.LogUtil.error(LogUtil.java:38) ]
ERROR:can't find /D:/workspaces/java/maven/UiAuto/selenium/TestAction-master/target/test-classes/Login.xml
2018-09-26 15:53:31 下午 [Thread: main][ Class:com.auto.utils.LogUtil >> Method: com.auto.utils.LogUtil.error(LogUtil.java:38) ]
ERROR:login02:Test Failure
2018-09-26 15:53:32 下午 [Thread: main][ Class:com.auto.utils.LogUtil >> Method: com.auto.utils.LogUtil.error(LogUtil.java:38) ]
ERROR:login02:Test Failure
2018-09-26 15:53:32 下午 [Thread: main][ Class:com.auto.utils.LogUtil >> Method: com.auto.utils.LogUtil.info(LogUtil.java:30) ]
INFO:/D:/workspaces/java/maven/UiAuto/selenium/TestAction-master/target/test-classes/Login.xml;resourcesName=Login;locatorName=Login
2018-09-26 15:53:32 下午 [Thread: main][ Class:com.auto.utils.LogUtil >> Method: com.auto.utils.LogUtil.error(LogUtil.java:38) ]
ERROR:can't find /D:/workspaces/java/maven/UiAuto/selenium/TestAction-master/target/test-classes/Login.xml
2018-09-26 15:53:32 下午 [Thread: main][ Class:com.auto.utils.LogUtil >> Method: com.auto.utils.LogUtil.error(LogUtil.java:38) ]
ERROR:login02:Test Failure
2018-09-26 15:53:33 下午 [Thread: main][ Class:com.auto.utils.LogUtil >> Method: com.auto.utils.LogUtil.error(LogUtil.java:38) ]
ERROR:login02:Test Failure
2018-09-26 15:53:33 下午 [Thread: main][ Class:com.auto.utils.LogUtil >> Method: com.auto.utils.LogUtil.info(LogUtil.java:30) ]
INFO:/D:/workspaces/java/maven/UiAuto/selenium/TestAction-master/target/test-classes/Login.xml;resourcesName=Login;locatorName=Login
2018-09-26 15:53:33 下午 [Thread: main][ Class:com.auto.utils.LogUtil >> Method: com.auto.utils.LogUtil.error(LogUtil.java:38) ]
ERROR:can't find /D:/workspaces/java/maven/UiAuto/selenium/TestAction-master/target/test-classes/Login.xml
2018-09-26 15:53:33 下午 [Thread: main][ Class:com.auto.utils.LogUtil >> Method: com.auto.utils.LogUtil.error(LogUtil.java:38) ]
ERROR:login02:Test Failure
2018-09-26 15:53:34 下午 [Thread: main][ Class:com.auto.utils.LogUtil >> Method: com.auto.utils.LogUtil.error(LogUtil.java:38) ]
ERROR:login02:Test Failure
2018-09-26 15:53:35 下午 [Thread: main][ Class:com.auto.utils.LogUtil >> Method: com.auto.utils.LogUtil.error(LogUtil.java:38) ]
ERROR:login:Test Skipped
2018-09-26 15:53:35 下午 [Thread: main][ Class:com.auto.utils.LogUtil >> Method: com.auto.utils.LogUtil.error(LogUtil.java:38) ]
ERROR:login:Test Skipped
2018-09-26 15:53:36 下午 [Thread: main][ Class:com.auto.utils.LogUtil >> Method: com.auto.utils.LogUtil.info(LogUtil.java:30) ]
INFO:Login:Test Finish
2018-09-26 15:53:36 下午 [Thread: main][ Class:com.auto.utils.LogUtil >> Method: com.auto.utils.LogUtil.info(LogUtil.java:30) ]
INFO:Login:Test Finish
2018-09-26 16:04:40 下午 [Thread: main][ Class:com.auto.utils.LogUtil >> Method: com.auto.utils.LogUtil.info(LogUtil.java:30) ]
INFO:Banner:Test Start
2018-09-26 16:04:40 下午 [Thread: main][ Class:com.auto.utils.LogUtil >> Method: com.auto.utils.LogUtil.info(LogUtil.java:30) ]
INFO:Banner:Test Start
2018-09-26 16:07:26 下午 [Thread: main][ Class:com.auto.utils.LogUtil >> Method: com.auto.utils.LogUtil.info(LogUtil.java:30) ]
INFO:/D:/workspaces/java/maven/UiAuto/selenium/TestAction-master/target/test-classes/Banner.xml;resourcesName=Banner
2018-09-26 16:07:26 下午 [Thread: main][ Class:com.auto.utils.LogUtil >> Method: com.auto.utils.LogUtil.error(LogUtil.java:38) ]
ERROR:can't find /D:/workspaces/java/maven/UiAuto/selenium/TestAction-master/target/test-classes/Banner.xml
2018-09-26 16:07:26 下午 [Thread: main][ Class:com.auto.utils.LogUtil >> Method: com.auto.utils.LogUtil.error(LogUtil.java:38) ]
ERROR:click:Test Failure
2018-09-26 16:07:33 下午 [Thread: main][ Class:com.auto.utils.LogUtil >> Method: com.auto.utils.LogUtil.info(LogUtil.java:30) ]
INFO:Banner:Test Start
2018-09-26 16:07:33 下午 [Thread: main][ Class:com.auto.utils.LogUtil >> Method: com.auto.utils.LogUtil.info(LogUtil.java:30) ]
INFO:Banner:Test Start
2018-09-26 16:08:45 下午 [Thread: main][ Class:com.auto.utils.LogUtil >> Method: com.auto.utils.LogUtil.error(LogUtil.java:38) ]
ERROR:click:Test Skipped
2018-09-26 16:08:45 下午 [Thread: main][ Class:com.auto.utils.LogUtil >> Method: com.auto.utils.LogUtil.error(LogUtil.java:38) ]
ERROR:click:Test Skipped
2018-09-26 16:08:45 下午 [Thread: main][ Class:com.auto.utils.LogUtil >> Method: com.auto.utils.LogUtil.info(LogUtil.java:30) ]
INFO:Banner:Test Finish
2018-09-26 16:08:45 下午 [Thread: main][ Class:com.auto.utils.LogUtil >> Method: com.auto.utils.LogUtil.info(LogUtil.java:30) ]
INFO:Banner:Test Finish
2018-09-26 16:08:45 下午 [Thread: main][ Class:com.auto.utils.LogUtil >> Method: com.auto.utils.LogUtil.info(LogUtil.java:30) ]
INFO:Login:Test Start
2018-09-26 16:08:45 下午 [Thread: main][ Class:com.auto.utils.LogUtil >> Method: com.auto.utils.LogUtil.info(LogUtil.java:30) ]
INFO:Login:Test Start
2018-09-26 16:09:02 下午 [Thread: main][ Class:com.auto.utils.LogUtil >> Method: com.auto.utils.LogUtil.info(LogUtil.java:30) ]
INFO:Banner:Test Start
2018-09-26 16:09:02 下午 [Thread: main][ Class:com.auto.utils.LogUtil >> Method: com.auto.utils.LogUtil.info(LogUtil.java:30) ]
INFO:Banner:Test Start
2018-09-26 16:10:12 下午 [Thread: main][ Class:com.auto.utils.LogUtil >> Method: com.auto.utils.LogUtil.error(LogUtil.java:38) ]
ERROR:click:Test Skipped
2018-09-26 16:10:12 下午 [Thread: main][ Class:com.auto.utils.LogUtil >> Method: com.auto.utils.LogUtil.error(LogUtil.java:38) ]
ERROR:click:Test Skipped
2018-09-26 16:10:47 下午 [Thread: main][ Class:com.auto.utils.LogUtil >> Method: com.auto.utils.LogUtil.info(LogUtil.java:30) ]
INFO:Banner:Test Finish
2018-09-26 16:10:47 下午 [Thread: main][ Class:com.auto.utils.LogUtil >> Method: com.auto.utils.LogUtil.info(LogUtil.java:30) ]
INFO:Banner:Test Finish
2018-09-26 16:10:47 下午 [Thread: main][ Class:com.auto.utils.LogUtil >> Method: com.auto.utils.LogUtil.info(LogUtil.java:30) ]
INFO:Login:Test Start
2018-09-26 16:10:47 下午 [Thread: main][ Class:com.auto.utils.LogUtil >> Method: com.auto.utils.LogUtil.info(LogUtil.java:30) ]
INFO:Login:Test Start
2018-09-26 16:11:13 下午 [Thread: main][ Class:com.auto.utils.LogUtil >> Method: com.auto.utils.LogUtil.info(LogUtil.java:30) ]
INFO:/D:/workspaces/java/maven/UiAuto/selenium/TestAction-master/target/test-classes/Login.xml;resourcesName=Login;locatorName=Login
2018-09-26 16:11:13 下午 [Thread: main][ Class:com.auto.utils.LogUtil >> Method: com.auto.utils.LogUtil.error(LogUtil.java:38) ]
ERROR:can't find /D:/workspaces/java/maven/UiAuto/selenium/TestAction-master/target/test-classes/Login.xml
2018-09-26 16:11:13 下午 [Thread: main][ Class:com.auto.utils.LogUtil >> Method: com.auto.utils.LogUtil.error(LogUtil.java:38) ]
ERROR:login02:Test Failure
2018-09-26 16:11:14 下午 [Thread: main][ Class:com.auto.utils.LogUtil >> Method: com.auto.utils.LogUtil.error(LogUtil.java:38) ]
ERROR:login02:Test Failure
2018-09-26 16:11:15 下午 [Thread: main][ Class:com.auto.utils.LogUtil >> Method: com.auto.utils.LogUtil.info(LogUtil.java:30) ]
INFO:/D:/workspaces/java/maven/UiAuto/selenium/TestAction-master/target/test-classes/Login.xml;resourcesName=Login;locatorName=Login
2018-09-26 16:11:15 下午 [Thread: main][ Class:com.auto.utils.LogUtil >> Method: com.auto.utils.LogUtil.error(LogUtil.java:38) ]
ERROR:can't find /D:/workspaces/java/maven/UiAuto/selenium/TestAction-master/target/test-classes/Login.xml
2018-09-26 16:11:15 下午 [Thread: main][ Class:com.auto.utils.LogUtil >> Method: com.auto.utils.LogUtil.error(LogUtil.java:38) ]
ERROR:login02:Test Failure
2018-09-26 16:11:15 下午 [Thread: main][ Class:com.auto.utils.LogUtil >> Method: com.auto.utils.LogUtil.error(LogUtil.java:38) ]
ERROR:login02:Test Failure
2018-09-26 16:11:16 下午 [Thread: main][ Class:com.auto.utils.LogUtil >> Method: com.auto.utils.LogUtil.info(LogUtil.java:30) ]
INFO:/D:/workspaces/java/maven/UiAuto/selenium/TestAction-master/target/test-classes/Login.xml;resourcesName=Login;locatorName=Login
2018-09-26 16:11:16 下午 [Thread: main][ Class:com.auto.utils.LogUtil >> Method: com.auto.utils.LogUtil.error(LogUtil.java:38) ]
ERROR:can't find /D:/workspaces/java/maven/UiAuto/selenium/TestAction-master/target/test-classes/Login.xml
2018-09-26 16:11:16 下午 [Thread: main][ Class:com.auto.utils.LogUtil >> Method: com.auto.utils.LogUtil.error(LogUtil.java:38) ]
ERROR:login02:Test Failure
2018-09-26 16:11:17 下午 [Thread: main][ Class:com.auto.utils.LogUtil >> Method: com.auto.utils.LogUtil.error(LogUtil.java:38) ]
ERROR:login02:Test Failure
2018-09-26 16:11:18 下午 [Thread: main][ Class:com.auto.utils.LogUtil >> Method: com.auto.utils.LogUtil.error(LogUtil.java:38) ]
ERROR:login:Test Skipped
2018-09-26 16:11:18 下午 [Thread: main][ Class:com.auto.utils.LogUtil >> Method: com.auto.utils.LogUtil.error(LogUtil.java:38) ]
ERROR:login:Test Skipped
2018-09-26 16:11:18 下午 [Thread: main][ Class:com.auto.utils.LogUtil >> Method: com.auto.utils.LogUtil.info(LogUtil.java:30) ]
INFO:Login:Test Finish
2018-09-26 16:11:18 下午 [Thread: main][ Class:com.auto.utils.LogUtil >> Method: com.auto.utils.LogUtil.info(LogUtil.java:30) ]
INFO:Login:Test Finish
2018-09-26 16:11:46 下午 [Thread: main][ Class:com.auto.utils.LogUtil >> Method: com.auto.utils.LogUtil.info(LogUtil.java:30) ]
INFO:Banner:Test Start
2018-09-26 16:11:46 下午 [Thread: main][ Class:com.auto.utils.LogUtil >> Method: com.auto.utils.LogUtil.info(LogUtil.java:30) ]
INFO:Banner:Test Start
2018-09-26 16:14:02 下午 [Thread: main][ Class:com.auto.utils.LogUtil >> Method: com.auto.utils.LogUtil.error(LogUtil.java:38) ]
ERROR:click:Test Skipped
2018-09-26 16:14:02 下午 [Thread: main][ Class:com.auto.utils.LogUtil >> Method: com.auto.utils.LogUtil.error(LogUtil.java:38) ]
ERROR:click:Test Skipped
2018-09-26 16:14:02 下午 [Thread: main][ Class:com.auto.utils.LogUtil >> Method: com.auto.utils.LogUtil.info(LogUtil.java:30) ]
INFO:Banner:Test Finish
2018-09-26 16:14:02 下午 [Thread: main][ Class:com.auto.utils.LogUtil >> Method: com.auto.utils.LogUtil.info(LogUtil.java:30) ]
INFO:Banner:Test Finish
2018-09-26 16:14:02 下午 [Thread: main][ Class:com.auto.utils.LogUtil >> Method: com.auto.utils.LogUtil.info(LogUtil.java:30) ]
INFO:Login:Test Start
2018-09-26 16:14:02 下午 [Thread: main][ Class:com.auto.utils.LogUtil >> Method: com.auto.utils.LogUtil.info(LogUtil.java:30) ]
INFO:Login:Test Start
2018-09-26 16:14:25 下午 [Thread: main][ Class:com.auto.utils.LogUtil >> Method: com.auto.utils.LogUtil.info(LogUtil.java:30) ]
INFO:Banner:Test Start
2018-09-26 16:14:25 下午 [Thread: main][ Class:com.auto.utils.LogUtil >> Method: com.auto.utils.LogUtil.info(LogUtil.java:30) ]
INFO:Banner:Test Start
2018-09-26 16:16:18 下午 [Thread: main][ Class:com.auto.utils.LogUtil >> Method: com.auto.utils.LogUtil.info(LogUtil.java:30) ]
INFO:/D:/workspaces/java/maven/UiAuto/selenium/TestAction-master/target/test-classes/Banner.xml;resourcesName=Banner
2018-09-26 16:17:15 下午 [Thread: main][ Class:com.auto.utils.LogUtil >> Method: com.auto.utils.LogUtil.error(LogUtil.java:38) ]
ERROR:can't find /D:/workspaces/java/maven/UiAuto/selenium/TestAction-master/target/test-classes/Banner.xml
2018-09-26 16:17:15 下午 [Thread: main][ Class:com.auto.utils.LogUtil >> Method: com.auto.utils.LogUtil.error(LogUtil.java:38) ]
ERROR:click:Test Failure
2018-09-26 16:35:06 下午 [Thread: main][ Class:com.auto.utils.LogUtil >> Method: com.auto.utils.LogUtil.info(LogUtil.java:30) ]
INFO:Banner:Test Start
2018-09-26 16:35:06 下午 [Thread: main][ Class:com.auto.utils.LogUtil >> Method: com.auto.utils.LogUtil.info(LogUtil.java:30) ]
INFO:Banner:Test Start
2018-09-26 16:36:32 下午 [Thread: main][ Class:com.auto.utils.LogUtil >> Method: com.auto.utils.LogUtil.info(LogUtil.java:30) ]
INFO:D:\workspaces\java\maven\UiAuto\selenium\TestAction-master/src/test/java/com/auto/resources/Banner.xml;resourcesName=Banner
2018-09-26 16:36:38 下午 [Thread: main][ Class:com.auto.utils.LogUtil >> Method: com.auto.utils.LogUtil.info(LogUtil.java:30) ]
INFO:Banner:Test Start
2018-09-26 16:36:38 下午 [Thread: main][ Class:com.auto.utils.LogUtil >> Method: com.auto.utils.LogUtil.info(LogUtil.java:30) ]
INFO:Banner:Test Start
2018-09-26 16:38:31 下午 [Thread: main][ Class:com.auto.utils.LogUtil >> Method: com.auto.utils.LogUtil.info(LogUtil.java:30) ]
INFO:D:\workspaces\java\maven\UiAuto\selenium\TestAction-master//src//test//java//com//auto//resources//Banner.xml;resourcesName=Banner
2018-09-26 16:38:36 下午 [Thread: main][ Class:com.auto.utils.LogUtil >> Method: com.auto.utils.LogUtil.info(LogUtil.java:30) ]
INFO:Banner:Test Start
2018-09-26 16:38:36 下午 [Thread: main][ Class:com.auto.utils.LogUtil >> Method: com.auto.utils.LogUtil.info(LogUtil.java:30) ]
INFO:Banner:Test Start
2018-09-26 16:39:16 下午 [Thread: main][ Class:com.auto.utils.LogUtil >> Method: com.auto.utils.LogUtil.info(LogUtil.java:30) ]
INFO:D:\workspaces\java\maven\UiAuto\selenium\TestAction-master\src\test\java\com\auto\resources\Banner.xml;resourcesName=Banner
2018-09-26 16:40:03 下午 [Thread: main][ Class:com.auto.utils.LogUtil >> Method: com.auto.utils.LogUtil.info(LogUtil.java:30) ]
INFO:pageName is Banner
2018-09-26 16:44:49 下午 [Thread: main][ Class:com.auto.utils.LogUtil >> Method: com.auto.utils.LogUtil.info(LogUtil.java:30) ]
INFO:室内装修效果图在线设计-酷家乐
2018-09-26 16:44:53 下午 [Thread: main][ Class:com.auto.utils.LogUtil >> Method: com.auto.utils.LogUtil.info(LogUtil.java:30) ]
INFO:免费室内设计在线学习视频教程_酷家乐大学
2018-09-26 16:44:55 下午 [Thread: main][ Class:com.auto.utils.LogUtil >> Method: com.auto.utils.LogUtil.info(LogUtil.java:30) ]
INFO:免费室内设计在线学习视频教程_酷家乐大学
2018-09-26 16:44:57 下午 [Thread: main][ Class:com.auto.utils.LogUtil >> Method: com.auto.utils.LogUtil.info(LogUtil.java:30) ]
INFO:免费室内设计在线学习视频教程_酷家乐大学
2018-09-26 16:45:00 下午 [Thread: main][ Class:com.auto.utils.LogUtil >> Method: com.auto.utils.LogUtil.error(LogUtil.java:38) ]
ERROR:click:Test Failure
2018-09-26 16:45:01 下午 [Thread: main][ Class:com.auto.utils.LogUtil >> Method: com.auto.utils.LogUtil.error(LogUtil.java:38) ]
ERROR:click:Test Failure
2018-09-26 16:45:02 下午 [Thread: main][ Class:com.auto.utils.LogUtil >> Method: com.auto.utils.LogUtil.info(LogUtil.java:30) ]
INFO:Banner:Test Finish
2018-09-26 16:45:02 下午 [Thread: main][ Class:com.auto.utils.LogUtil >> Method: com.auto.utils.LogUtil.info(LogUtil.java:30) ]
INFO:Banner:Test Finish
2018-09-26 16:45:02 下午 [Thread: main][ Class:com.auto.utils.LogUtil >> Method: com.auto.utils.LogUtil.info(LogUtil.java:30) ]
INFO:Login:Test Start
2018-09-26 16:45:02 下午 [Thread: main][ Class:com.auto.utils.LogUtil >> Method: com.auto.utils.LogUtil.info(LogUtil.java:30) ]
INFO:Login:Test Start
2018-09-26 16:45:29 下午 [Thread: main][ Class:com.auto.utils.LogUtil >> Method: com.auto.utils.LogUtil.info(LogUtil.java:30) ]
INFO:/D:/workspaces/java/maven/UiAuto/selenium/TestAction-master/target/test-classes/Login.xml;resourcesName=Login;locatorName=Login
2018-09-26 16:45:29 下午 [Thread: main][ Class:com.auto.utils.LogUtil >> Method: com.auto.utils.LogUtil.error(LogUtil.java:38) ]
ERROR:can't find /D:/workspaces/java/maven/UiAuto/selenium/TestAction-master/target/test-classes/Login.xml
2018-09-26 16:45:29 下午 [Thread: main][ Class:com.auto.utils.LogUtil >> Method: com.auto.utils.LogUtil.error(LogUtil.java:38) ]
ERROR:login02:Test Failure
2018-09-26 16:45:29 下午 [Thread: main][ Class:com.auto.utils.LogUtil >> Method: com.auto.utils.LogUtil.error(LogUtil.java:38) ]
ERROR:login02:Test Failure
2018-09-26 16:45:30 下午 [Thread: main][ Class:com.auto.utils.LogUtil >> Method: com.auto.utils.LogUtil.info(LogUtil.java:30) ]
INFO:/D:/workspaces/java/maven/UiAuto/selenium/TestAction-master/target/test-classes/Login.xml;resourcesName=Login;locatorName=Login
2018-09-26 16:45:30 下午 [Thread: main][ Class:com.auto.utils.LogUtil >> Method: com.auto.utils.LogUtil.error(LogUtil.java:38) ]
ERROR:can't find /D:/workspaces/java/maven/UiAuto/selenium/TestAction-master/target/test-classes/Login.xml
2018-09-26 16:45:30 下午 [Thread: main][ Class:com.auto.utils.LogUtil >> Method: com.auto.utils.LogUtil.error(LogUtil.java:38) ]
ERROR:login02:Test Failure
2018-09-26 16:45:30 下午 [Thread: main][ Class:com.auto.utils.LogUtil >> Method: com.auto.utils.LogUtil.error(LogUtil.java:38) ]
ERROR:login02:Test Failure
2018-09-26 16:45:31 下午 [Thread: main][ Class:com.auto.utils.LogUtil >> Method: com.auto.utils.LogUtil.info(LogUtil.java:30) ]
INFO:/D:/workspaces/java/maven/UiAuto/selenium/TestAction-master/target/test-classes/Login.xml;resourcesName=Login;locatorName=Login
2018-09-26 16:45:31 下午 [Thread: main][ Class:com.auto.utils.LogUtil >> Method: com.auto.utils.LogUtil.error(LogUtil.java:38) ]
ERROR:can't find /D:/workspaces/java/maven/UiAuto/selenium/TestAction-master/target/test-classes/Login.xml
2018-09-26 16:45:31 下午 [Thread: main][ Class:com.auto.utils.LogUtil >> Method: com.auto.utils.LogUtil.error(LogUtil.java:38) ]
ERROR:login02:Test Failure
2018-09-26 16:45:31 下午 [Thread: main][ Class:com.auto.utils.LogUtil >> Method: com.auto.utils.LogUtil.error(LogUtil.java:38) ]
ERROR:login02:Test Failure
2018-09-26 16:45:32 下午 [Thread: main][ Class:com.auto.utils.LogUtil >> Method: com.auto.utils.LogUtil.error(LogUtil.java:38) ]
ERROR:login:Test Skipped
2018-09-26 16:45:32 下午 [Thread: main][ Class:com.auto.utils.LogUtil >> Method: com.auto.utils.LogUtil.error(LogUtil.java:38) ]
ERROR:login:Test Skipped
2018-09-26 16:45:33 下午 [Thread: main][ Class:com.auto.utils.LogUtil >> Method: com.auto.utils.LogUtil.info(LogUtil.java:30) ]
INFO:Login:Test Finish
2018-09-26 16:45:33 下午 [Thread: main][ Class:com.auto.utils.LogUtil >> Method: com.auto.utils.LogUtil.info(LogUtil.java:30) ]
INFO:Login:Test Finish
